<html>
<head>
<title>TestNG:  Sprint1</title>
<link href="../testng.css" rel="stylesheet" type="text/css" />
<link href="../my-testng.css" rel="stylesheet" type="text/css" />

<style type="text/css">
.log { display: none;} 
.stack-trace { display: none;} 
</style>
<script type="text/javascript">
<!--
function flip(e) {
  current = e.style.display;
  if (current == 'block') {
    e.style.display = 'none';
    return 0;
  }
  else {
    e.style.display = 'block';
    return 1;
  }
}

function toggleBox(szDivId, elem, msg1, msg2)
{
  var res = -1;  if (document.getElementById) {
    res = flip(document.getElementById(szDivId));
  }
  else if (document.all) {
    // this is the way old msie versions work
    res = flip(document.all[szDivId]);
  }
  if(elem) {
    if(res == 0) elem.innerHTML = msg1; else elem.innerHTML = msg2;
  }

}

function toggleAllBoxes() {
  if (document.getElementsByTagName) {
    d = document.getElementsByTagName('div');
    for (i = 0; i < d.length; i++) {
      if (d[i].className == 'log') {
        flip(d[i]);
      }
    }
  }
}

// -->
</script>

</head>
<body>
<h2 align='center'>Sprint1</h2><table border='1' align="center">
<tr>
<td>Tests passed/Failed/Skipped:</td><td>11/3/0</td>
</tr><tr>
<td>Started on:</td><td>Fri Jun 27 12:02:22 IST 2025</td>
</tr>
<tr><td>Total time:</td><td>703 seconds (703556 ms)</td>
</tr><tr>
<td>Included groups:</td><td></td>
</tr><tr>
<td>Excluded groups:</td><td></td>
</tr>
</table><p/>
<small><i>(Hover the method name to see the test class name)</i></small><p/>
<table width='100%' border='1' class='invocation-failed'>
<tr><td colspan='4' align='center'><b>FAILED TESTS</b></td></tr>
<tr><td><b>Test method</b></td>
<td><b>Attribute(s)</b></td>
<td width="30%"><b>Exception</b></td>
<td width="10%"><b>Time (seconds)</b></td>
<td><b>Instance</b></td>
</tr>
<tr>
<td title='Major_functions.Onboard_Landlord.onboard()'><b>onboard</b><br>Test class: Major_functions.Onboard_Landlord<br/>
<a href="#Output-1941851357" onClick='toggleBox("Output-1941851357", this, "Show output", "Hide output");'>Show output</a>

<a href="#Output-1941851357" onClick="toggleAllBoxes();">Show all outputs</a>
<div class='log' id="Output-1941851357">
ChromeDriver initialized<br/>
Navigated to Login page<br/>
Entered Email<br/>
Entered Password<br/>
Clicked on Login button<br/>
Implicit wait set for 2 seconds<br/>
Select property to add vendor<br/>
</div>
</td>
<td><div><pre>org.openqa.selenium.NoSuchElementException: no such element: Unable to locate element: {&quot;method&quot;:&quot;xpath&quot;,&quot;selector&quot;:&quot;/html/body/div/div/div[3]/div/div[4]/div[1]/div/div[2]/div/div/div/div/form/div[1]/input[6]&quot;}
  (Session info: chrome=137.0.7151.120)
For documentation on this error, please visit: https://selenium.dev/exceptions/#no_such_element
Build info: version: &apos;4.9.0&apos;, revision: &apos;d7057100a6&apos;
System info: os.name: &apos;Mac OS X&apos;, os.arch: &apos;x86_64&apos;, os.version: &apos;15.5&apos;, java.version: &apos;21.0.7&apos;
Driver info: org.openqa.selenium.chrome.ChromeDriver
Command: [0d84f88d579e9723428da8dd60d09967, findElement {using=xpath, value=/html/body/div/div/div[3]/div/div[4]/div[1]/div/div[2]/div/div/div/div/form/div[1]/input[6]}]
Capabilities {acceptInsecureCerts: false, browserName: chrome, browserVersion: 137.0.7151.120, chrome: {chromedriverVersion: 137.0.7151.119 (e0ac9d12dff..., userDataDir: /var/folders/tv/r8sg1_9d3v1...}, fedcm:accounts: true, goog:chromeOptions: {debuggerAddress: localhost:51125}, networkConnectionEnabled: false, pageLoadStrategy: normal, platformName: MAC, proxy: Proxy(), se:cdp: ws://localhost:51125/devtoo..., se:cdpVersion: 137.0.7151.120, setWindowRect: true, strictFileInteractability: false, timeouts: {implicit: 0, pageLoad: 300000, script: 30000}, unhandledPromptBehavior: dismiss and notify, webauthn:extension:credBlob: true, webauthn:extension:largeBlob: true, webauthn:extension:minPinLength: true, webauthn:extension:prf: true, webauthn:virtualAuthenticators: true}
Session ID: 0d84f88d579e9723428da8dd60d09967
	at org.openqa.selenium.remote.codec.w3c.W3CHttpResponseCodec.createException(W3CHttpResponseCodec.java:200)
	at org.openqa.selenium.remote.codec.w3c.W3CHttpResponseCodec.decode(W3CHttpResponseCodec.java:133)
	at org.openqa.selenium.remote.codec.w3c.W3CHttpResponseCodec.decode(W3CHttpResponseCodec.java:53)
	at org.openqa.selenium.remote.HttpCommandExecutor.execute(HttpCommandExecutor.java:193)
	at org.openqa.selenium.remote.service.DriverCommandExecutor.invokeExecute(DriverCommandExecutor.java:183)
	at org.openqa.selenium.remote.service.DriverCommandExecutor.execute(DriverCommandExecutor.java:158)
	at org.openqa.selenium.remote.RemoteWebDriver.execute(RemoteWebDriver.java:543)
	at org.openqa.selenium.remote.ElementLocation$ElementFinder$2.findElement(ElementLocation.java:162)
	at org.openqa.selenium.remote.ElementLocation.findElement(ElementLocation.java:60)
	at org.openqa.selenium.remote.RemoteWebDriver.findElement(RemoteWebDriver.java:352)
	at org.openqa.selenium.remote.RemoteWebDriver.findElement(RemoteWebDriver.java:344)
	at Major_functions.Onboard_Landlord.onboard(Onboard_Landlord.java:104)
	at java.base/java.util.ArrayList.forEach(ArrayList.java:1596)
... Removed 28 stack frames</pre></div><a href='#' onClick='toggleBox("stack-trace1941851357", this, "Click to show all stack frames", "Click to hide stack frames")'>Click to show all stack frames</a>
<div class='stack-trace' id='stack-trace1941851357'><pre>org.openqa.selenium.NoSuchElementException: no such element: Unable to locate element: {&quot;method&quot;:&quot;xpath&quot;,&quot;selector&quot;:&quot;/html/body/div/div/div[3]/div/div[4]/div[1]/div/div[2]/div/div/div/div/form/div[1]/input[6]&quot;}
  (Session info: chrome=137.0.7151.120)
For documentation on this error, please visit: https://selenium.dev/exceptions/#no_such_element
Build info: version: &apos;4.9.0&apos;, revision: &apos;d7057100a6&apos;
System info: os.name: &apos;Mac OS X&apos;, os.arch: &apos;x86_64&apos;, os.version: &apos;15.5&apos;, java.version: &apos;21.0.7&apos;
Driver info: org.openqa.selenium.chrome.ChromeDriver
Command: [0d84f88d579e9723428da8dd60d09967, findElement {using=xpath, value=/html/body/div/div/div[3]/div/div[4]/div[1]/div/div[2]/div/div/div/div/form/div[1]/input[6]}]
Capabilities {acceptInsecureCerts: false, browserName: chrome, browserVersion: 137.0.7151.120, chrome: {chromedriverVersion: 137.0.7151.119 (e0ac9d12dff..., userDataDir: /var/folders/tv/r8sg1_9d3v1...}, fedcm:accounts: true, goog:chromeOptions: {debuggerAddress: localhost:51125}, networkConnectionEnabled: false, pageLoadStrategy: normal, platformName: MAC, proxy: Proxy(), se:cdp: ws://localhost:51125/devtoo..., se:cdpVersion: 137.0.7151.120, setWindowRect: true, strictFileInteractability: false, timeouts: {implicit: 0, pageLoad: 300000, script: 30000}, unhandledPromptBehavior: dismiss and notify, webauthn:extension:credBlob: true, webauthn:extension:largeBlob: true, webauthn:extension:minPinLength: true, webauthn:extension:prf: true, webauthn:virtualAuthenticators: true}
Session ID: 0d84f88d579e9723428da8dd60d09967
	at java.base/jdk.internal.reflect.DirectConstructorHandleAccessor.newInstance(DirectConstructorHandleAccessor.java:62)
	at java.base/java.lang.reflect.Constructor.newInstanceWithCaller(Constructor.java:502)
	at java.base/java.lang.reflect.Constructor.newInstance(Constructor.java:486)
	at org.openqa.selenium.remote.codec.w3c.W3CHttpResponseCodec.createException(W3CHttpResponseCodec.java:200)
	at org.openqa.selenium.remote.codec.w3c.W3CHttpResponseCodec.decode(W3CHttpResponseCodec.java:133)
	at org.openqa.selenium.remote.codec.w3c.W3CHttpResponseCodec.decode(W3CHttpResponseCodec.java:53)
	at org.openqa.selenium.remote.HttpCommandExecutor.execute(HttpCommandExecutor.java:193)
	at org.openqa.selenium.remote.service.DriverCommandExecutor.invokeExecute(DriverCommandExecutor.java:183)
	at org.openqa.selenium.remote.service.DriverCommandExecutor.execute(DriverCommandExecutor.java:158)
	at org.openqa.selenium.remote.RemoteWebDriver.execute(RemoteWebDriver.java:543)
	at org.openqa.selenium.remote.ElementLocation$ElementFinder$2.findElement(ElementLocation.java:162)
	at org.openqa.selenium.remote.ElementLocation.findElement(ElementLocation.java:60)
	at org.openqa.selenium.remote.RemoteWebDriver.findElement(RemoteWebDriver.java:352)
	at org.openqa.selenium.remote.RemoteWebDriver.findElement(RemoteWebDriver.java:344)
	at Major_functions.Onboard_Landlord.onboard(Onboard_Landlord.java:104)
	at java.base/jdk.internal.reflect.DirectMethodHandleAccessor.invoke(DirectMethodHandleAccessor.java:103)
	at java.base/java.lang.reflect.Method.invoke(Method.java:580)
	at org.testng.internal.invokers.MethodInvocationHelper.invokeMethod(MethodInvocationHelper.java:141)
	at org.testng.internal.invokers.TestInvoker.invokeMethod(TestInvoker.java:687)
	at org.testng.internal.invokers.TestInvoker.invokeTestMethod(TestInvoker.java:230)
	at org.testng.internal.invokers.MethodRunner.runInSequence(MethodRunner.java:63)
	at org.testng.internal.invokers.TestInvoker$MethodInvocationAgent.invoke(TestInvoker.java:995)
	at org.testng.internal.invokers.TestInvoker.invokeTestMethods(TestInvoker.java:203)
	at org.testng.internal.invokers.TestMethodWorker.invokeTestMethods(TestMethodWorker.java:154)
	at org.testng.internal.invokers.TestMethodWorker.run(TestMethodWorker.java:134)
	at java.base/java.util.ArrayList.forEach(ArrayList.java:1596)
	at org.testng.TestRunner.privateRun(TestRunner.java:741)
	at org.testng.TestRunner.run(TestRunner.java:616)
	at org.testng.SuiteRunner.runTest(SuiteRunner.java:421)
	at org.testng.SuiteRunner.runSequentially(SuiteRunner.java:413)
	at org.testng.SuiteRunner.privateRun(SuiteRunner.java:373)
	at org.testng.SuiteRunner.run(SuiteRunner.java:312)
	at org.testng.SuiteRunnerWorker.runSuite(SuiteRunnerWorker.java:52)
	at org.testng.SuiteRunnerWorker.run(SuiteRunnerWorker.java:95)
	at org.testng.TestNG.runSuitesSequentially(TestNG.java:1274)
	at org.testng.TestNG.runSuitesLocally(TestNG.java:1208)
	at org.testng.TestNG.runSuites(TestNG.java:1112)
	at org.testng.TestNG.run(TestNG.java:1079)
	at org.testng.remote.AbstractRemoteTestNG.run(AbstractRemoteTestNG.java:115)
	at org.testng.remote.RemoteTestNG.initAndRun(RemoteTestNG.java:293)
	at org.testng.remote.RemoteTestNG.main(RemoteTestNG.java:91)
</pre></div></td>
<td>43</td>
<td>Major_functions.Onboard_Landlord@2cd76f31</td></tr>
<tr>
<td title='Major_functions.Onboard_Manager.onboard()'><b>onboard</b><br>Test class: Major_functions.Onboard_Manager<br/>
<a href="#Output-1412195801" onClick='toggleBox("Output-1412195801", this, "Show output", "Hide output");'>Show output</a>

<a href="#Output-1412195801" onClick="toggleAllBoxes();">Show all outputs</a>
<div class='log' id="Output-1412195801">
ChromeDriver initialized<br/>
Navigated to Login page<br/>
Entered Email<br/>
Entered Password<br/>
Clicked on Login button<br/>
Implicit wait set for 2 seconds<br/>
Select property to add vendor<br/>
</div>
</td>
<td><div><pre>org.openqa.selenium.NoSuchElementException: no such element: Unable to locate element: {&quot;method&quot;:&quot;xpath&quot;,&quot;selector&quot;:&quot;/html/body/div/div/div[3]/div/div[4]/div[1]/div/div[2]/div/div/div/div/form/div[1]/input[6]&quot;}
  (Session info: chrome=137.0.7151.120)
For documentation on this error, please visit: https://selenium.dev/exceptions/#no_such_element
Build info: version: &apos;4.9.0&apos;, revision: &apos;d7057100a6&apos;
System info: os.name: &apos;Mac OS X&apos;, os.arch: &apos;x86_64&apos;, os.version: &apos;15.5&apos;, java.version: &apos;21.0.7&apos;
Driver info: org.openqa.selenium.chrome.ChromeDriver
Command: [09853b285de95d4d748aedfcfbc80683, findElement {using=xpath, value=/html/body/div/div/div[3]/div/div[4]/div[1]/div/div[2]/div/div/div/div/form/div[1]/input[6]}]
Capabilities {acceptInsecureCerts: false, browserName: chrome, browserVersion: 137.0.7151.120, chrome: {chromedriverVersion: 137.0.7151.119 (e0ac9d12dff..., userDataDir: /var/folders/tv/r8sg1_9d3v1...}, fedcm:accounts: true, goog:chromeOptions: {debuggerAddress: localhost:50962}, networkConnectionEnabled: false, pageLoadStrategy: normal, platformName: MAC, proxy: Proxy(), se:cdp: ws://localhost:50962/devtoo..., se:cdpVersion: 137.0.7151.120, setWindowRect: true, strictFileInteractability: false, timeouts: {implicit: 0, pageLoad: 300000, script: 30000}, unhandledPromptBehavior: dismiss and notify, webauthn:extension:credBlob: true, webauthn:extension:largeBlob: true, webauthn:extension:minPinLength: true, webauthn:extension:prf: true, webauthn:virtualAuthenticators: true}
Session ID: 09853b285de95d4d748aedfcfbc80683
	at org.openqa.selenium.remote.codec.w3c.W3CHttpResponseCodec.createException(W3CHttpResponseCodec.java:200)
	at org.openqa.selenium.remote.codec.w3c.W3CHttpResponseCodec.decode(W3CHttpResponseCodec.java:133)
	at org.openqa.selenium.remote.codec.w3c.W3CHttpResponseCodec.decode(W3CHttpResponseCodec.java:53)
	at org.openqa.selenium.remote.HttpCommandExecutor.execute(HttpCommandExecutor.java:193)
	at org.openqa.selenium.remote.service.DriverCommandExecutor.invokeExecute(DriverCommandExecutor.java:183)
	at org.openqa.selenium.remote.service.DriverCommandExecutor.execute(DriverCommandExecutor.java:158)
	at org.openqa.selenium.remote.RemoteWebDriver.execute(RemoteWebDriver.java:543)
	at org.openqa.selenium.remote.ElementLocation$ElementFinder$2.findElement(ElementLocation.java:162)
	at org.openqa.selenium.remote.ElementLocation.findElement(ElementLocation.java:60)
	at org.openqa.selenium.remote.RemoteWebDriver.findElement(RemoteWebDriver.java:352)
	at org.openqa.selenium.remote.RemoteWebDriver.findElement(RemoteWebDriver.java:344)
	at Major_functions.Onboard_Manager.onboard(Onboard_Manager.java:104)
	at java.base/java.util.ArrayList.forEach(ArrayList.java:1596)
... Removed 28 stack frames</pre></div><a href='#' onClick='toggleBox("stack-trace1412195801", this, "Click to show all stack frames", "Click to hide stack frames")'>Click to show all stack frames</a>
<div class='stack-trace' id='stack-trace1412195801'><pre>org.openqa.selenium.NoSuchElementException: no such element: Unable to locate element: {&quot;method&quot;:&quot;xpath&quot;,&quot;selector&quot;:&quot;/html/body/div/div/div[3]/div/div[4]/div[1]/div/div[2]/div/div/div/div/form/div[1]/input[6]&quot;}
  (Session info: chrome=137.0.7151.120)
For documentation on this error, please visit: https://selenium.dev/exceptions/#no_such_element
Build info: version: &apos;4.9.0&apos;, revision: &apos;d7057100a6&apos;
System info: os.name: &apos;Mac OS X&apos;, os.arch: &apos;x86_64&apos;, os.version: &apos;15.5&apos;, java.version: &apos;21.0.7&apos;
Driver info: org.openqa.selenium.chrome.ChromeDriver
Command: [09853b285de95d4d748aedfcfbc80683, findElement {using=xpath, value=/html/body/div/div/div[3]/div/div[4]/div[1]/div/div[2]/div/div/div/div/form/div[1]/input[6]}]
Capabilities {acceptInsecureCerts: false, browserName: chrome, browserVersion: 137.0.7151.120, chrome: {chromedriverVersion: 137.0.7151.119 (e0ac9d12dff..., userDataDir: /var/folders/tv/r8sg1_9d3v1...}, fedcm:accounts: true, goog:chromeOptions: {debuggerAddress: localhost:50962}, networkConnectionEnabled: false, pageLoadStrategy: normal, platformName: MAC, proxy: Proxy(), se:cdp: ws://localhost:50962/devtoo..., se:cdpVersion: 137.0.7151.120, setWindowRect: true, strictFileInteractability: false, timeouts: {implicit: 0, pageLoad: 300000, script: 30000}, unhandledPromptBehavior: dismiss and notify, webauthn:extension:credBlob: true, webauthn:extension:largeBlob: true, webauthn:extension:minPinLength: true, webauthn:extension:prf: true, webauthn:virtualAuthenticators: true}
Session ID: 09853b285de95d4d748aedfcfbc80683
	at java.base/jdk.internal.reflect.DirectConstructorHandleAccessor.newInstance(DirectConstructorHandleAccessor.java:62)
	at java.base/java.lang.reflect.Constructor.newInstanceWithCaller(Constructor.java:502)
	at java.base/java.lang.reflect.Constructor.newInstance(Constructor.java:486)
	at org.openqa.selenium.remote.codec.w3c.W3CHttpResponseCodec.createException(W3CHttpResponseCodec.java:200)
	at org.openqa.selenium.remote.codec.w3c.W3CHttpResponseCodec.decode(W3CHttpResponseCodec.java:133)
	at org.openqa.selenium.remote.codec.w3c.W3CHttpResponseCodec.decode(W3CHttpResponseCodec.java:53)
	at org.openqa.selenium.remote.HttpCommandExecutor.execute(HttpCommandExecutor.java:193)
	at org.openqa.selenium.remote.service.DriverCommandExecutor.invokeExecute(DriverCommandExecutor.java:183)
	at org.openqa.selenium.remote.service.DriverCommandExecutor.execute(DriverCommandExecutor.java:158)
	at org.openqa.selenium.remote.RemoteWebDriver.execute(RemoteWebDriver.java:543)
	at org.openqa.selenium.remote.ElementLocation$ElementFinder$2.findElement(ElementLocation.java:162)
	at org.openqa.selenium.remote.ElementLocation.findElement(ElementLocation.java:60)
	at org.openqa.selenium.remote.RemoteWebDriver.findElement(RemoteWebDriver.java:352)
	at org.openqa.selenium.remote.RemoteWebDriver.findElement(RemoteWebDriver.java:344)
	at Major_functions.Onboard_Manager.onboard(Onboard_Manager.java:104)
	at java.base/jdk.internal.reflect.DirectMethodHandleAccessor.invoke(DirectMethodHandleAccessor.java:103)
	at java.base/java.lang.reflect.Method.invoke(Method.java:580)
	at org.testng.internal.invokers.MethodInvocationHelper.invokeMethod(MethodInvocationHelper.java:141)
	at org.testng.internal.invokers.TestInvoker.invokeMethod(TestInvoker.java:687)
	at org.testng.internal.invokers.TestInvoker.invokeTestMethod(TestInvoker.java:230)
	at org.testng.internal.invokers.MethodRunner.runInSequence(MethodRunner.java:63)
	at org.testng.internal.invokers.TestInvoker$MethodInvocationAgent.invoke(TestInvoker.java:995)
	at org.testng.internal.invokers.TestInvoker.invokeTestMethods(TestInvoker.java:203)
	at org.testng.internal.invokers.TestMethodWorker.invokeTestMethods(TestMethodWorker.java:154)
	at org.testng.internal.invokers.TestMethodWorker.run(TestMethodWorker.java:134)
	at java.base/java.util.ArrayList.forEach(ArrayList.java:1596)
	at org.testng.TestRunner.privateRun(TestRunner.java:741)
	at org.testng.TestRunner.run(TestRunner.java:616)
	at org.testng.SuiteRunner.runTest(SuiteRunner.java:421)
	at org.testng.SuiteRunner.runSequentially(SuiteRunner.java:413)
	at org.testng.SuiteRunner.privateRun(SuiteRunner.java:373)
	at org.testng.SuiteRunner.run(SuiteRunner.java:312)
	at org.testng.SuiteRunnerWorker.runSuite(SuiteRunnerWorker.java:52)
	at org.testng.SuiteRunnerWorker.run(SuiteRunnerWorker.java:95)
	at org.testng.TestNG.runSuitesSequentially(TestNG.java:1274)
	at org.testng.TestNG.runSuitesLocally(TestNG.java:1208)
	at org.testng.TestNG.runSuites(TestNG.java:1112)
	at org.testng.TestNG.run(TestNG.java:1079)
	at org.testng.remote.AbstractRemoteTestNG.run(AbstractRemoteTestNG.java:115)
	at org.testng.remote.RemoteTestNG.initAndRun(RemoteTestNG.java:293)
	at org.testng.remote.RemoteTestNG.main(RemoteTestNG.java:91)
</pre></div></td>
<td>44</td>
<td>Major_functions.Onboard_Manager@302552ec</td></tr>
<tr>
<td title='Major_functions.Add_Manager.add()'><b>add</b><br>Test class: Major_functions.Add_Manager<br/>
<a href="#Output-237413343" onClick='toggleBox("Output-237413343", this, "Show output", "Hide output");'>Show output</a>

<a href="#Output-237413343" onClick="toggleAllBoxes();">Show all outputs</a>
<div class='log' id="Output-237413343">
ChromeDriver initialized<br/>
Navigated to Login page<br/>
Entered Email<br/>
Entered Password<br/>
Clicked on Login button<br/>
Implicit wait set for 2 seconds<br/>
Select property to add vendor<br/>
</div>
</td>
<td><div><pre>org.openqa.selenium.InvalidSelectorException: invalid selector: Unable to locate an element with the xpath expression #details18 &gt; div:nth-child(5) &gt; div.bg-slate-300.flex.justify-between &gt; div &gt; div &gt; svg because of the following error:
SyntaxError: Failed to execute &apos;evaluate&apos; on &apos;Document&apos;: The string &apos;#details18 &gt; div:nth-child(5) &gt; div.bg-slate-300.flex.justify-between &gt; div &gt; div &gt; svg&apos; is not a valid XPath expression.
  (Session info: chrome=137.0.7151.120)
For documentation on this error, please visit: https://selenium.dev/exceptions/#invalid_selector_exception
Build info: version: &apos;4.9.0&apos;, revision: &apos;d7057100a6&apos;
System info: os.name: &apos;Mac OS X&apos;, os.arch: &apos;x86_64&apos;, os.version: &apos;15.5&apos;, java.version: &apos;21.0.7&apos;
Driver info: org.openqa.selenium.chrome.ChromeDriver
Command: [08ed4b57c73b55d6a8b3ced650b05c2e, findElement {using=xpath, value=#details18 &gt; div:nth-child(5) &gt; div.bg-slate-300.flex.justify-between &gt; div &gt; div &gt; svg}]
Capabilities {acceptInsecureCerts: false, browserName: chrome, browserVersion: 137.0.7151.120, chrome: {chromedriverVersion: 137.0.7151.119 (e0ac9d12dff..., userDataDir: /var/folders/tv/r8sg1_9d3v1...}, fedcm:accounts: true, goog:chromeOptions: {debuggerAddress: localhost:50846}, networkConnectionEnabled: false, pageLoadStrategy: normal, platformName: MAC, proxy: Proxy(), se:cdp: ws://localhost:50846/devtoo..., se:cdpVersion: 137.0.7151.120, setWindowRect: true, strictFileInteractability: false, timeouts: {implicit: 0, pageLoad: 300000, script: 30000}, unhandledPromptBehavior: dismiss and notify, webauthn:extension:credBlob: true, webauthn:extension:largeBlob: true, webauthn:extension:minPinLength: true, webauthn:extension:prf: true, webauthn:virtualAuthenticators: true}
Session ID: 08ed4b57c73b55d6a8b3ced650b05c2e
	at org.openqa.selenium.remote.codec.w3c.W3CHttpResponseCodec.createException(W3CHttpResponseCodec.java:200)
	at org.openqa.selenium.remote.codec.w3c.W3CHttpResponseCodec.decode(W3CHttpResponseCodec.java:133)
	at org.openqa.selenium.remote.codec.w3c.W3CHttpResponseCodec.decode(W3CHttpResponseCodec.java:53)
	at org.openqa.selenium.remote.HttpCommandExecutor.execute(HttpCommandExecutor.java:193)
	at org.openqa.selenium.remote.service.DriverCommandExecutor.invokeExecute(DriverCommandExecutor.java:183)
	at org.openqa.selenium.remote.service.DriverCommandExecutor.execute(DriverCommandExecutor.java:158)
	at org.openqa.selenium.remote.RemoteWebDriver.execute(RemoteWebDriver.java:543)
	at org.openqa.selenium.remote.ElementLocation$ElementFinder$2.findElement(ElementLocation.java:162)
	at org.openqa.selenium.remote.ElementLocation.findElement(ElementLocation.java:60)
	at org.openqa.selenium.remote.RemoteWebDriver.findElement(RemoteWebDriver.java:352)
	at org.openqa.selenium.remote.RemoteWebDriver.findElement(RemoteWebDriver.java:344)
	at org.openqa.selenium.support.ui.ExpectedConditions$6.apply(ExpectedConditions.java:174)
	at org.openqa.selenium.support.ui.ExpectedConditions$6.apply(ExpectedConditions.java:171)
	at org.openqa.selenium.support.ui.FluentWait.until(FluentWait.java:208)
	at Major_functions.Add_Manager.add(Add_Manager.java:67)
	at java.base/java.util.ArrayList.forEach(ArrayList.java:1596)
... Removed 28 stack frames</pre></div><a href='#' onClick='toggleBox("stack-trace237413343", this, "Click to show all stack frames", "Click to hide stack frames")'>Click to show all stack frames</a>
<div class='stack-trace' id='stack-trace237413343'><pre>org.openqa.selenium.InvalidSelectorException: invalid selector: Unable to locate an element with the xpath expression #details18 &gt; div:nth-child(5) &gt; div.bg-slate-300.flex.justify-between &gt; div &gt; div &gt; svg because of the following error:
SyntaxError: Failed to execute &apos;evaluate&apos; on &apos;Document&apos;: The string &apos;#details18 &gt; div:nth-child(5) &gt; div.bg-slate-300.flex.justify-between &gt; div &gt; div &gt; svg&apos; is not a valid XPath expression.
  (Session info: chrome=137.0.7151.120)
For documentation on this error, please visit: https://selenium.dev/exceptions/#invalid_selector_exception
Build info: version: &apos;4.9.0&apos;, revision: &apos;d7057100a6&apos;
System info: os.name: &apos;Mac OS X&apos;, os.arch: &apos;x86_64&apos;, os.version: &apos;15.5&apos;, java.version: &apos;21.0.7&apos;
Driver info: org.openqa.selenium.chrome.ChromeDriver
Command: [08ed4b57c73b55d6a8b3ced650b05c2e, findElement {using=xpath, value=#details18 &gt; div:nth-child(5) &gt; div.bg-slate-300.flex.justify-between &gt; div &gt; div &gt; svg}]
Capabilities {acceptInsecureCerts: false, browserName: chrome, browserVersion: 137.0.7151.120, chrome: {chromedriverVersion: 137.0.7151.119 (e0ac9d12dff..., userDataDir: /var/folders/tv/r8sg1_9d3v1...}, fedcm:accounts: true, goog:chromeOptions: {debuggerAddress: localhost:50846}, networkConnectionEnabled: false, pageLoadStrategy: normal, platformName: MAC, proxy: Proxy(), se:cdp: ws://localhost:50846/devtoo..., se:cdpVersion: 137.0.7151.120, setWindowRect: true, strictFileInteractability: false, timeouts: {implicit: 0, pageLoad: 300000, script: 30000}, unhandledPromptBehavior: dismiss and notify, webauthn:extension:credBlob: true, webauthn:extension:largeBlob: true, webauthn:extension:minPinLength: true, webauthn:extension:prf: true, webauthn:virtualAuthenticators: true}
Session ID: 08ed4b57c73b55d6a8b3ced650b05c2e
	at java.base/jdk.internal.reflect.DirectConstructorHandleAccessor.newInstance(DirectConstructorHandleAccessor.java:62)
	at java.base/java.lang.reflect.Constructor.newInstanceWithCaller(Constructor.java:502)
	at java.base/java.lang.reflect.Constructor.newInstance(Constructor.java:486)
	at org.openqa.selenium.remote.codec.w3c.W3CHttpResponseCodec.createException(W3CHttpResponseCodec.java:200)
	at org.openqa.selenium.remote.codec.w3c.W3CHttpResponseCodec.decode(W3CHttpResponseCodec.java:133)
	at org.openqa.selenium.remote.codec.w3c.W3CHttpResponseCodec.decode(W3CHttpResponseCodec.java:53)
	at org.openqa.selenium.remote.HttpCommandExecutor.execute(HttpCommandExecutor.java:193)
	at org.openqa.selenium.remote.service.DriverCommandExecutor.invokeExecute(DriverCommandExecutor.java:183)
	at org.openqa.selenium.remote.service.DriverCommandExecutor.execute(DriverCommandExecutor.java:158)
	at org.openqa.selenium.remote.RemoteWebDriver.execute(RemoteWebDriver.java:543)
	at org.openqa.selenium.remote.ElementLocation$ElementFinder$2.findElement(ElementLocation.java:162)
	at org.openqa.selenium.remote.ElementLocation.findElement(ElementLocation.java:60)
	at org.openqa.selenium.remote.RemoteWebDriver.findElement(RemoteWebDriver.java:352)
	at org.openqa.selenium.remote.RemoteWebDriver.findElement(RemoteWebDriver.java:344)
	at org.openqa.selenium.support.ui.ExpectedConditions$6.apply(ExpectedConditions.java:174)
	at org.openqa.selenium.support.ui.ExpectedConditions$6.apply(ExpectedConditions.java:171)
	at org.openqa.selenium.support.ui.FluentWait.until(FluentWait.java:208)
	at Major_functions.Add_Manager.add(Add_Manager.java:67)
	at java.base/jdk.internal.reflect.DirectMethodHandleAccessor.invoke(DirectMethodHandleAccessor.java:103)
	at java.base/java.lang.reflect.Method.invoke(Method.java:580)
	at org.testng.internal.invokers.MethodInvocationHelper.invokeMethod(MethodInvocationHelper.java:141)
	at org.testng.internal.invokers.TestInvoker.invokeMethod(TestInvoker.java:687)
	at org.testng.internal.invokers.TestInvoker.invokeTestMethod(TestInvoker.java:230)
	at org.testng.internal.invokers.MethodRunner.runInSequence(MethodRunner.java:63)
	at org.testng.internal.invokers.TestInvoker$MethodInvocationAgent.invoke(TestInvoker.java:995)
	at org.testng.internal.invokers.TestInvoker.invokeTestMethods(TestInvoker.java:203)
	at org.testng.internal.invokers.TestMethodWorker.invokeTestMethods(TestMethodWorker.java:154)
	at org.testng.internal.invokers.TestMethodWorker.run(TestMethodWorker.java:134)
	at java.base/java.util.ArrayList.forEach(ArrayList.java:1596)
	at org.testng.TestRunner.privateRun(TestRunner.java:741)
	at org.testng.TestRunner.run(TestRunner.java:616)
	at org.testng.SuiteRunner.runTest(SuiteRunner.java:421)
	at org.testng.SuiteRunner.runSequentially(SuiteRunner.java:413)
	at org.testng.SuiteRunner.privateRun(SuiteRunner.java:373)
	at org.testng.SuiteRunner.run(SuiteRunner.java:312)
	at org.testng.SuiteRunnerWorker.runSuite(SuiteRunnerWorker.java:52)
	at org.testng.SuiteRunnerWorker.run(SuiteRunnerWorker.java:95)
	at org.testng.TestNG.runSuitesSequentially(TestNG.java:1274)
	at org.testng.TestNG.runSuitesLocally(TestNG.java:1208)
	at org.testng.TestNG.runSuites(TestNG.java:1112)
	at org.testng.TestNG.run(TestNG.java:1079)
	at org.testng.remote.AbstractRemoteTestNG.run(AbstractRemoteTestNG.java:115)
	at org.testng.remote.RemoteTestNG.initAndRun(RemoteTestNG.java:293)
	at org.testng.remote.RemoteTestNG.main(RemoteTestNG.java:91)
</pre></div></td>
<td>38</td>
<td>Major_functions.Add_Manager@bcec361</td></tr>
</table><p>
<table width='100%' border='1' class='invocation-passed'>
<tr><td colspan='4' align='center'><b>PASSED TESTS</b></td></tr>
<tr><td><b>Test method</b></td>
<td><b>Attribute(s)</b></td>
<td width="30%"><b>Exception</b></td>
<td width="10%"><b>Time (seconds)</b></td>
<td><b>Instance</b></td>
</tr>
<tr>
<td title='Major_functions.Add_multifamily_Property.add()'><b>add</b><br>Test class: Major_functions.Add_multifamily_Property<br/>
<a href="#Output-1813375175" onClick='toggleBox("Output-1813375175", this, "Show output", "Hide output");'>Show output</a>

<a href="#Output-1813375175" onClick="toggleAllBoxes();">Show all outputs</a>
<div class='log' id="Output-1813375175">
ChromeDriver initialized<br/>
Navigated to Login page<br/>
Entered email address<br/>
Entered Password<br/>
Clicked on Login button<br/>
Clicked on Property icon<br/>
Click on multi-familty property<br/>
Entered the address.<br/>
Entered the city.<br/>
Entered the state.<br/>
Entered the zip code.<br/>
Clicked on save button<br/>
</div>
</td>
<td></td>
<td>41</td>
<td>Major_functions.Add_multifamily_Property@408d971b</td></tr>
<tr>
<td title='Major_functions.Remove_Property.remove()'><b>remove</b><br>Test class: Major_functions.Remove_Property<br/>
<a href="#Output-2040452328" onClick='toggleBox("Output-2040452328", this, "Show output", "Hide output");'>Show output</a>

<a href="#Output-2040452328" onClick="toggleAllBoxes();">Show all outputs</a>
<div class='log' id="Output-2040452328">
ChromeDriver initialized<br/>
Navigated to Login page<br/>
Entered Email<br/>
Entered Password<br/>
Clicked on Login button<br/>
Selected property to add vendor<br/>
Removed the property successfully.<br/>
</div>
</td>
<td></td>
<td>40</td>
<td>Major_functions.Remove_Property@7c6908d7</td></tr>
<tr>
<td title='Major_functions.Add_Tenant.add()'><b>add</b><br>Test class: Major_functions.Add_Tenant<br/>
<a href="#Output-878511419" onClick='toggleBox("Output-878511419", this, "Show output", "Hide output");'>Show output</a>

<a href="#Output-878511419" onClick="toggleAllBoxes();">Show all outputs</a>
<div class='log' id="Output-878511419">
ChromeDriver initialized<br/>
Navigated to Login page<br/>
Entered Email<br/>
Entered Password<br/>
Clicked on Login button<br/>
Implicit wait set for 2 seconds<br/>
Select property to add vendor<br/>
Clicked on Add Tenant button<br/>
Entered First Name: temp<br/>
Entered Last Name: tenant<br/>
Entered Email<br/>
Entered Phone Number<br/>
Clicked on Save button<br/>
Waited for 2 seconds<br/>
Closed the browser<br/>
</div>
</td>
<td></td>
<td>42</td>
<td>Major_functions.Add_Tenant@3bf7ca37</td></tr>
<tr>
<td title='Major_functions.Add_vendor.add()'><b>add</b><br>Test class: Major_functions.Add_vendor<br/>
<a href="#Output-752893574" onClick='toggleBox("Output-752893574", this, "Show output", "Hide output");'>Show output</a>

<a href="#Output-752893574" onClick="toggleAllBoxes();">Show all outputs</a>
<div class='log' id="Output-752893574">
ChromeDriver initialized<br/>
Navigated to Login page<br/>
Entered Email<br/>
Entered Password<br/>
Clicked on Login button<br/>
Implicit wait set for 2 seconds<br/>
Select property to add vendor<br/>
Clicked on Add Vendor icon<br/>
Implicit wait set for 10 seconds<br/>
Search the vendor in the list<br/>
Clicked on assign button<br/>
Seleted first speciality of vendor<br/>
Clicked on submit button<br/>
Waited for 2 seconds<br/>
Closed the browser<br/>
</div>
</td>
<td></td>
<td>44</td>
<td>Major_functions.Add_vendor@4d1c00d0</td></tr>
<tr>
<td title='Major_functions.Onboard_Vendor.Onboard()'><b>Onboard</b><br>Test class: Major_functions.Onboard_Vendor<br/>
<a href="#Output-995760621" onClick='toggleBox("Output-995760621", this, "Show output", "Hide output");'>Show output</a>

<a href="#Output-995760621" onClick="toggleAllBoxes();">Show all outputs</a>
<div class='log' id="Output-995760621">
ChromeDriver initialized<br/>
Navigated to Login page<br/>
Entered Email<br/>
Entered Password<br/>
Clicked on Login button<br/>
Implicit wait set for 2 seconds<br/>
Select property to add vendor<br/>
Clicked on Vendor section<br/>
Clicked on Add Vendor icon<br/>
Clicked on Add onboard Vendor<br/>
Entered first name<br/>
Entered last name<br/>
Entered company name<br/>
Entered email <br/>
Entered phone number<br/>
Clicked on Add onboard Vendor<br/>
Waited for 2 seconds<br/>
Closed the browser<br/>
</div>
</td>
<td></td>
<td>51</td>
<td>Major_functions.Onboard_Vendor@4e08711f</td></tr>
<tr>
<td title='Major_functions.Remove_Manager.remove()'><b>remove</b><br>Test class: Major_functions.Remove_Manager<br/>
<a href="#Output-1231875515" onClick='toggleBox("Output-1231875515", this, "Show output", "Hide output");'>Show output</a>

<a href="#Output-1231875515" onClick="toggleAllBoxes();">Show all outputs</a>
<div class='log' id="Output-1231875515">
ChromeDriver initialized<br/>
Navigated to Login page<br/>
Entered Email<br/>
Entered Password<br/>
Clicked on Login button<br/>
Implicit wait set for 2 seconds<br/>
Select property to add vendor<br/>
</div>
</td>
<td></td>
<td>40</td>
<td>Major_functions.Remove_Manager@26794848</td></tr>
<tr>
<td title='Major_functions.Add_single_property.add()'><b>add</b><br>Test class: Major_functions.Add_single_property<br/>
<a href="#Output-1214284410" onClick='toggleBox("Output-1214284410", this, "Show output", "Hide output");'>Show output</a>

<a href="#Output-1214284410" onClick="toggleAllBoxes();">Show all outputs</a>
<div class='log' id="Output-1214284410">
ChromeDriver initialized<br/>
Navigated to Login page<br/>
Entered email address<br/>
Entered Password<br/>
Clicked on Login button<br/>
Clicked on Property icon<br/>
Entered the address.<br/>
Entered the city.<br/>
Entered the state.<br/>
Entered the zip code.<br/>
Clicked on save button<br/>
</div>
</td>
<td></td>
<td>38</td>
<td>Major_functions.Add_single_property@3c9754d8</td></tr>
<tr>
<td title='Major_functions.Add_Landlord.add()'><b>add</b><br>Test class: Major_functions.Add_Landlord<br/>
<a href="#Output-89750691" onClick='toggleBox("Output-89750691", this, "Show output", "Hide output");'>Show output</a>

<a href="#Output-89750691" onClick="toggleAllBoxes();">Show all outputs</a>
<div class='log' id="Output-89750691">
ChromeDriver initialized<br/>
Navigated to Login page<br/>
Entered Email<br/>
Entered Password<br/>
Clicked on Login button<br/>
Implicit wait set for 2 seconds<br/>
Select property to add vendor<br/>
</div>
</td>
<td></td>
<td>42</td>
<td>Major_functions.Add_Landlord@3d285d7e</td></tr>
<tr>
<td title='Major_functions.Remove_Landlord.remove()'><b>remove</b><br>Test class: Major_functions.Remove_Landlord<br/>
<a href="#Output-1300389310" onClick='toggleBox("Output-1300389310", this, "Show output", "Hide output");'>Show output</a>

<a href="#Output-1300389310" onClick="toggleAllBoxes();">Show all outputs</a>
<div class='log' id="Output-1300389310">
ChromeDriver initialized<br/>
Navigated to Login page<br/>
Entered Email<br/>
Entered Password<br/>
Clicked on Login button<br/>
Implicit wait set for 2 seconds<br/>
Select property to add vendor<br/>
</div>
</td>
<td></td>
<td>40</td>
<td>Major_functions.Remove_Landlord@40005471</td></tr>
<tr>
<td title='Major_functions.Remove_Vendor.remove()'><b>remove</b><br>Test class: Major_functions.Remove_Vendor<br/>
<a href="#Output-1065713160" onClick='toggleBox("Output-1065713160", this, "Show output", "Hide output");'>Show output</a>

<a href="#Output-1065713160" onClick="toggleAllBoxes();">Show all outputs</a>
<div class='log' id="Output-1065713160">
Launching the application<br/>
Navigated to Login page<br/>
Entered Email<br/>
Entered Password<br/>
Clicked on Login button<br/>
Implicit wait set for 2 seconds<br/>
Select property to add vendor<br/>
Vendor removal confirmed<br/>
Closing the browser<br/>
</div>
</td>
<td></td>
<td>56</td>
<td>Major_functions.Remove_Vendor@4b2bac3f</td></tr>
<tr>
<td title='Major_functions.Remove_tenant.delete()'><b>delete</b><br>Test class: Major_functions.Remove_tenant<br/>
<a href="#Output-1807397140" onClick='toggleBox("Output-1807397140", this, "Show output", "Hide output");'>Show output</a>

<a href="#Output-1807397140" onClick="toggleAllBoxes();">Show all outputs</a>
<div class='log' id="Output-1807397140">
ChromeDriver initialized<br/>
Navigated to Login page<br/>
Entered Email<br/>
Entered Password<br/>
Clicked on Login button<br/>
Implicit wait set for 2 seconds<br/>
select the property<br/>
Clicked on Delete button for tenant<br/>
Confirmed tenant deletion<br/>
Waited for 3 seconds<br/>
Closed the browser<br/>
</div>
</td>
<td></td>
<td>47</td>
<td>Major_functions.Remove_tenant@79079097</td></tr>
</table><p>
</body>
</html>