<?xml version="1.0" encoding="UTF-8"?>
<!-- Generated by org.testng.reporters.JUnitXMLReporter -->
<testsuite ignored="0" hostname="DESKTOP-R7HKC99" failures="1" tests="9" name="Sprint1" time="88.418" errors="0" timestamp="2025-06-24T11:27:34 IST">
  <testcase classname="Major_functions.Add_multifamily_Property" name="add" time="9.664"/>
  <testcase classname="Major_functions.Remove_Property" name="remove" time="9.724"/>
  <testcase classname="Major_functions.Add_single_property" name="add" time="8.481"/>
  <testcase classname="Major_functions.Add_Tenant" name="add" time="8.378"/>
  <testcase classname="Major_functions.Remove_tenant" name="delete" time="9.363"/>
  <testcase classname="Major_functions.Add_vendor" name="add" time="12.717"/>
  <testcase classname="Major_functions.Remove_Vendor" name="remove" time="11.702"/>
  <testcase classname="Major_functions.Add_Manager" name="add" time="6.652">
    <failure type="org.openqa.selenium.InvalidSelectorException" message="invalid selector: Unable to locate an element with the xpath expression #details18 &amp;gt; div:nth-child(5) &amp;gt; div.bg-slate-300.flex.justify-between &amp;gt; div &amp;gt; div &amp;gt; svg because of the following error:
SyntaxError: Failed to execute &amp;apos;evaluate&amp;apos; on &amp;apos;Document&amp;apos;: The string &amp;apos;#details18 &amp;gt; div:nth-child(5) &amp;gt; div.bg-slate-300.flex.justify-between &amp;gt; div &amp;gt; div &amp;gt; svg&amp;apos; is not a valid XPath expression.
  (Session info: chrome=137.0.7151.120)
For documentation on this error, please visit: https://selenium.dev/exceptions/#invalid_selector_exception
Build info: version: &amp;apos;4.9.0&amp;apos;, revision: &amp;apos;d7057100a6&amp;apos;
System info: os.name: &amp;apos;Windows 11&amp;apos;, os.arch: &amp;apos;amd64&amp;apos;, os.version: &amp;apos;10.0&amp;apos;, java.version: &amp;apos;22.0.2&amp;apos;
Driver info: org.openqa.selenium.chrome.ChromeDriver
Command: [25ad5e2a0842add0baab46dd10020e06, findElement {using=xpath, value=#details18 &amp;gt; div:nth-child(5) &amp;gt; div.bg-slate-300.flex.justify-between &amp;gt; div &amp;gt; div &amp;gt; svg}]
Capabilities {acceptInsecureCerts: false, browserName: chrome, browserVersion: 137.0.7151.120, chrome: {chromedriverVersion: 137.0.7151.119 (e0ac9d12dff..., userDataDir: C:\Users\admin\AppData\Loca...}, fedcm:accounts: true, goog:chromeOptions: {debuggerAddress: localhost:59116}, networkConnectionEnabled: false, pageLoadStrategy: normal, platformName: WINDOWS, proxy: Proxy(), se:cdp: ws://localhost:59116/devtoo..., se:cdpVersion: 137.0.7151.120, setWindowRect: true, strictFileInteractability: false, timeouts: {implicit: 0, pageLoad: 300000, script: 30000}, unhandledPromptBehavior: dismiss and notify, webauthn:extension:credBlob: true, webauthn:extension:largeBlob: true, webauthn:extension:minPinLength: true, webauthn:extension:prf: true, webauthn:virtualAuthenticators: true}
Session ID: 25ad5e2a0842add0baab46dd10020e06">
      <![CDATA[org.openqa.selenium.InvalidSelectorException: invalid selector: Unable to locate an element with the xpath expression #details18 > div:nth-child(5) > div.bg-slate-300.flex.justify-between > div > div > svg because of the following error:
SyntaxError: Failed to execute 'evaluate' on 'Document': The string '#details18 > div:nth-child(5) > div.bg-slate-300.flex.justify-between > div > div > svg' is not a valid XPath expression.
  (Session info: chrome=137.0.7151.120)
For documentation on this error, please visit: https://selenium.dev/exceptions/#invalid_selector_exception
Build info: version: '4.9.0', revision: 'd7057100a6'
System info: os.name: 'Windows 11', os.arch: 'amd64', os.version: '10.0', java.version: '22.0.2'
Driver info: org.openqa.selenium.chrome.ChromeDriver
Command: [25ad5e2a0842add0baab46dd10020e06, findElement {using=xpath, value=#details18 > div:nth-child(5) > div.bg-slate-300.flex.justify-between > div > div > svg}]
Capabilities {acceptInsecureCerts: false, browserName: chrome, browserVersion: 137.0.7151.120, chrome: {chromedriverVersion: 137.0.7151.119 (e0ac9d12dff..., userDataDir: C:\Users\admin\AppData\Loca...}, fedcm:accounts: true, goog:chromeOptions: {debuggerAddress: localhost:59116}, networkConnectionEnabled: false, pageLoadStrategy: normal, platformName: WINDOWS, proxy: Proxy(), se:cdp: ws://localhost:59116/devtoo..., se:cdpVersion: 137.0.7151.120, setWindowRect: true, strictFileInteractability: false, timeouts: {implicit: 0, pageLoad: 300000, script: 30000}, unhandledPromptBehavior: dismiss and notify, webauthn:extension:credBlob: true, webauthn:extension:largeBlob: true, webauthn:extension:minPinLength: true, webauthn:extension:prf: true, webauthn:virtualAuthenticators: true}
Session ID: 25ad5e2a0842add0baab46dd10020e06
at org.openqa.selenium.remote.codec.w3c.W3CHttpResponseCodec.createException(W3CHttpResponseCodec.java:200)
at org.openqa.selenium.remote.codec.w3c.W3CHttpResponseCodec.decode(W3CHttpResponseCodec.java:133)
at org.openqa.selenium.remote.codec.w3c.W3CHttpResponseCodec.decode(W3CHttpResponseCodec.java:53)
at org.openqa.selenium.remote.HttpCommandExecutor.execute(HttpCommandExecutor.java:193)
at org.openqa.selenium.remote.service.DriverCommandExecutor.invokeExecute(DriverCommandExecutor.java:183)
at org.openqa.selenium.remote.service.DriverCommandExecutor.execute(DriverCommandExecutor.java:158)
at org.openqa.selenium.remote.RemoteWebDriver.execute(RemoteWebDriver.java:543)
at org.openqa.selenium.remote.ElementLocation$ElementFinder$2.findElement(ElementLocation.java:162)
at org.openqa.selenium.remote.ElementLocation.findElement(ElementLocation.java:60)
at org.openqa.selenium.remote.RemoteWebDriver.findElement(RemoteWebDriver.java:352)
at org.openqa.selenium.remote.RemoteWebDriver.findElement(RemoteWebDriver.java:344)
at org.openqa.selenium.support.ui.ExpectedConditions$6.apply(ExpectedConditions.java:174)
at org.openqa.selenium.support.ui.ExpectedConditions$6.apply(ExpectedConditions.java:171)
at org.openqa.selenium.support.ui.FluentWait.until(FluentWait.java:208)
at Major_functions.Add_Manager.add(Add_Manager.java:67)
at java.base/java.util.ArrayList.forEach(ArrayList.java:1597)
... Removed 28 stack frames]]>
    </failure>
  </testcase> <!-- add -->
  <testcase classname="Major_functions.Remove_Manager" name="remove" time="11.668"/>
</testsuite> <!-- Sprint1 -->
