<!DOCTYPE html PUBLIC "-//W3C//DTD XHTML 1.1//EN" "https://www.w3.org/TR/xhtml11/DTD/xhtml11.dtd">
<html xmlns="https://www.w3.org/1999/xhtml">
<head>
<meta http-equiv="content-type" content="text/html; charset=UTF-8"/>
<title>TestNG Report</title>
<style type="text/css">table {margin-bottom:10px;border-collapse:collapse;empty-cells:show}th,td {border:1px solid #009;padding:.25em .5em}th {vertical-align:bottom}td {vertical-align:top}table a {font-weight:bold}.stripe td {background-color: #E6EBF9}.num {text-align:right}.passedodd td {background-color: #3F3}.passedeven td {background-color: #0A0}.skippedodd td {background-color: #DDD}.skippedeven td {background-color: #CCC}.failedodd td,.attn {background-color: #F33}.failedeven td,.stripe .attn {background-color: #D00}.stacktrace {white-space:pre;font-family:monospace}.totop {font-size:85%;text-align:center;border-bottom:2px solid #000}.invisible {display:none}</style>
</head>
<body>
<table>
<tr><th>Test</th><th># Passed</th><th># Skipped</th><th># Retried</th><th># Failed</th><th>Time (ms)</th><th>Included Groups</th><th>Excluded Groups</th></tr>
<tr><th colspan="8">Suite1</th></tr>
<tr><td><a href="#t0">Sprint1</a></td><td class="num">11</td><td class="num">0</td><td class="num">0</td><td class="num attn">3</td><td class="num">703,556</td><td></td><td></td></tr>
</table>
<table id='summary'><thead><tr><th>Class</th><th>Method</th><th>Start</th><th>Time (ms)</th></tr></thead><tbody><tr><th colspan="4">Suite1</th></tr></tbody><tbody id="t0"><tr><th colspan="4">Sprint1 &#8212; failed</th></tr><tr class="failedeven"><td rowspan="1">Major_functions.Add_Manager</td><td><a href="#m0">add</a></td><td rowspan="1">1751006363988</td><td rowspan="1">38233</td></tr><tr class="failedodd"><td rowspan="1">Major_functions.Onboard_Landlord</td><td><a href="#m1">onboard</a></td><td rowspan="1">1751006602923</td><td rowspan="1">43034</td></tr><tr class="failedeven"><td rowspan="1">Major_functions.Onboard_Manager</td><td><a href="#m2">onboard</a></td><td rowspan="1">1751006455815</td><td rowspan="1">44268</td></tr><tr><th colspan="4">Sprint1 &#8212; passed</th></tr><tr class="passedeven"><td rowspan="1">Major_functions.Add_Landlord</td><td><a href="#m3">add</a></td><td rowspan="1">1751006506170</td><td rowspan="1">42846</td></tr><tr class="passedodd"><td rowspan="1">Major_functions.Add_Tenant</td><td><a href="#m4">add</a></td><td rowspan="1">1751006088921</td><td rowspan="1">42452</td></tr><tr class="passedeven"><td rowspan="1">Major_functions.Add_multifamily_Property</td><td><a href="#m5">add</a></td><td rowspan="1">1751005950014</td><td rowspan="1">41671</td></tr><tr class="passedodd"><td rowspan="1">Major_functions.Add_single_property</td><td><a href="#m6">add</a></td><td rowspan="1">1751006043896</td><td rowspan="1">38123</td></tr><tr class="passedeven"><td rowspan="1">Major_functions.Add_vendor</td><td><a href="#m7">add</a></td><td rowspan="1">1751006191756</td><td rowspan="1">44238</td></tr><tr class="passedodd"><td rowspan="1">Major_functions.Onboard_Vendor</td><td><a href="#m8">Onboard</a></td><td rowspan="1">1751006305556</td><td rowspan="1">51505</td></tr><tr class="passedeven"><td rowspan="1">Major_functions.Remove_Landlord</td><td><a href="#m9">remove</a></td><td rowspan="1">1751006555932</td><td rowspan="1">40059</td></tr><tr class="passedodd"><td rowspan="1">Major_functions.Remove_Manager</td><td><a href="#m10">remove</a></td><td rowspan="1">1751006409467</td><td rowspan="1">40228</td></tr><tr class="passedeven"><td rowspan="1">Major_functions.Remove_Property</td><td><a href="#m11">remove</a></td><td rowspan="1">1751005997647</td><td rowspan="1">40193</td></tr><tr class="passedodd"><td rowspan="1">Major_functions.Remove_Vendor</td><td><a href="#m12">remove</a></td><td rowspan="1">1751006242921</td><td rowspan="1">56750</td></tr><tr class="passedeven"><td rowspan="1">Major_functions.Remove_tenant</td><td><a href="#m13">delete</a></td><td rowspan="1">1751006137402</td><td rowspan="1">47333</td></tr></tbody>
</table>
<h2>Sprint1</h2><h3 id="m0">Major_functions.Add_Manager#add</h3><table class="result"><tr><th>Messages</th></tr><tr><td><div class="messages">ChromeDriver initialized<br/>Navigated to Login page<br/>Entered Email<br/>Entered Password<br/>Clicked on Login button<br/>Implicit wait set for 2 seconds<br/>Select property to add vendor</div></td></tr><tr><th>Exception</th></tr><tr><td><div class="stacktrace">org.openqa.selenium.InvalidSelectorException: invalid selector: Unable to locate an element with the xpath expression #details18 &gt; div:nth-child(5) &gt; div.bg-slate-300.flex.justify-between &gt; div &gt; div &gt; svg because of the following error:
SyntaxError: Failed to execute &apos;evaluate&apos; on &apos;Document&apos;: The string &apos;#details18 &gt; div:nth-child(5) &gt; div.bg-slate-300.flex.justify-between &gt; div &gt; div &gt; svg&apos; is not a valid XPath expression.
  (Session info: chrome=137.0.7151.120)
For documentation on this error, please visit: https://selenium.dev/exceptions/#invalid_selector_exception
Build info: version: &apos;4.9.0&apos;, revision: &apos;d7057100a6&apos;
System info: os.name: &apos;Mac OS X&apos;, os.arch: &apos;x86_64&apos;, os.version: &apos;15.5&apos;, java.version: &apos;21.0.7&apos;
Driver info: org.openqa.selenium.chrome.ChromeDriver
Command: [08ed4b57c73b55d6a8b3ced650b05c2e, findElement {using=xpath, value=#details18 &gt; div:nth-child(5) &gt; div.bg-slate-300.flex.justify-between &gt; div &gt; div &gt; svg}]
Capabilities {acceptInsecureCerts: false, browserName: chrome, browserVersion: 137.0.7151.120, chrome: {chromedriverVersion: 137.0.7151.119 (e0ac9d12dff..., userDataDir: /var/folders/tv/r8sg1_9d3v1...}, fedcm:accounts: true, goog:chromeOptions: {debuggerAddress: localhost:50846}, networkConnectionEnabled: false, pageLoadStrategy: normal, platformName: MAC, proxy: Proxy(), se:cdp: ws://localhost:50846/devtoo..., se:cdpVersion: 137.0.7151.120, setWindowRect: true, strictFileInteractability: false, timeouts: {implicit: 0, pageLoad: 300000, script: 30000}, unhandledPromptBehavior: dismiss and notify, webauthn:extension:credBlob: true, webauthn:extension:largeBlob: true, webauthn:extension:minPinLength: true, webauthn:extension:prf: true, webauthn:virtualAuthenticators: true}
Session ID: 08ed4b57c73b55d6a8b3ced650b05c2e
	at org.openqa.selenium.remote.codec.w3c.W3CHttpResponseCodec.createException(W3CHttpResponseCodec.java:200)
	at org.openqa.selenium.remote.codec.w3c.W3CHttpResponseCodec.decode(W3CHttpResponseCodec.java:133)
	at org.openqa.selenium.remote.codec.w3c.W3CHttpResponseCodec.decode(W3CHttpResponseCodec.java:53)
	at org.openqa.selenium.remote.HttpCommandExecutor.execute(HttpCommandExecutor.java:193)
	at org.openqa.selenium.remote.service.DriverCommandExecutor.invokeExecute(DriverCommandExecutor.java:183)
	at org.openqa.selenium.remote.service.DriverCommandExecutor.execute(DriverCommandExecutor.java:158)
	at org.openqa.selenium.remote.RemoteWebDriver.execute(RemoteWebDriver.java:543)
	at org.openqa.selenium.remote.ElementLocation$ElementFinder$2.findElement(ElementLocation.java:162)
	at org.openqa.selenium.remote.ElementLocation.findElement(ElementLocation.java:60)
	at org.openqa.selenium.remote.RemoteWebDriver.findElement(RemoteWebDriver.java:352)
	at org.openqa.selenium.remote.RemoteWebDriver.findElement(RemoteWebDriver.java:344)
	at org.openqa.selenium.support.ui.ExpectedConditions$6.apply(ExpectedConditions.java:174)
	at org.openqa.selenium.support.ui.ExpectedConditions$6.apply(ExpectedConditions.java:171)
	at org.openqa.selenium.support.ui.FluentWait.until(FluentWait.java:208)
	at Major_functions.Add_Manager.add(Add_Manager.java:67)
	at java.base/java.util.ArrayList.forEach(ArrayList.java:1596)
... Removed 28 stack frames</div></td></tr></table><p class="totop"><a href="#summary">back to summary</a></p>
<h3 id="m1">Major_functions.Onboard_Landlord#onboard</h3><table class="result"><tr><th>Messages</th></tr><tr><td><div class="messages">ChromeDriver initialized<br/>Navigated to Login page<br/>Entered Email<br/>Entered Password<br/>Clicked on Login button<br/>Implicit wait set for 2 seconds<br/>Select property to add vendor</div></td></tr><tr><th>Exception</th></tr><tr><td><div class="stacktrace">org.openqa.selenium.NoSuchElementException: no such element: Unable to locate element: {&quot;method&quot;:&quot;xpath&quot;,&quot;selector&quot;:&quot;/html/body/div/div/div[3]/div/div[4]/div[1]/div/div[2]/div/div/div/div/form/div[1]/input[6]&quot;}
  (Session info: chrome=137.0.7151.120)
For documentation on this error, please visit: https://selenium.dev/exceptions/#no_such_element
Build info: version: &apos;4.9.0&apos;, revision: &apos;d7057100a6&apos;
System info: os.name: &apos;Mac OS X&apos;, os.arch: &apos;x86_64&apos;, os.version: &apos;15.5&apos;, java.version: &apos;21.0.7&apos;
Driver info: org.openqa.selenium.chrome.ChromeDriver
Command: [0d84f88d579e9723428da8dd60d09967, findElement {using=xpath, value=/html/body/div/div/div[3]/div/div[4]/div[1]/div/div[2]/div/div/div/div/form/div[1]/input[6]}]
Capabilities {acceptInsecureCerts: false, browserName: chrome, browserVersion: 137.0.7151.120, chrome: {chromedriverVersion: 137.0.7151.119 (e0ac9d12dff..., userDataDir: /var/folders/tv/r8sg1_9d3v1...}, fedcm:accounts: true, goog:chromeOptions: {debuggerAddress: localhost:51125}, networkConnectionEnabled: false, pageLoadStrategy: normal, platformName: MAC, proxy: Proxy(), se:cdp: ws://localhost:51125/devtoo..., se:cdpVersion: 137.0.7151.120, setWindowRect: true, strictFileInteractability: false, timeouts: {implicit: 0, pageLoad: 300000, script: 30000}, unhandledPromptBehavior: dismiss and notify, webauthn:extension:credBlob: true, webauthn:extension:largeBlob: true, webauthn:extension:minPinLength: true, webauthn:extension:prf: true, webauthn:virtualAuthenticators: true}
Session ID: 0d84f88d579e9723428da8dd60d09967
	at org.openqa.selenium.remote.codec.w3c.W3CHttpResponseCodec.createException(W3CHttpResponseCodec.java:200)
	at org.openqa.selenium.remote.codec.w3c.W3CHttpResponseCodec.decode(W3CHttpResponseCodec.java:133)
	at org.openqa.selenium.remote.codec.w3c.W3CHttpResponseCodec.decode(W3CHttpResponseCodec.java:53)
	at org.openqa.selenium.remote.HttpCommandExecutor.execute(HttpCommandExecutor.java:193)
	at org.openqa.selenium.remote.service.DriverCommandExecutor.invokeExecute(DriverCommandExecutor.java:183)
	at org.openqa.selenium.remote.service.DriverCommandExecutor.execute(DriverCommandExecutor.java:158)
	at org.openqa.selenium.remote.RemoteWebDriver.execute(RemoteWebDriver.java:543)
	at org.openqa.selenium.remote.ElementLocation$ElementFinder$2.findElement(ElementLocation.java:162)
	at org.openqa.selenium.remote.ElementLocation.findElement(ElementLocation.java:60)
	at org.openqa.selenium.remote.RemoteWebDriver.findElement(RemoteWebDriver.java:352)
	at org.openqa.selenium.remote.RemoteWebDriver.findElement(RemoteWebDriver.java:344)
	at Major_functions.Onboard_Landlord.onboard(Onboard_Landlord.java:104)
	at java.base/java.util.ArrayList.forEach(ArrayList.java:1596)
... Removed 28 stack frames</div></td></tr></table><p class="totop"><a href="#summary">back to summary</a></p>
<h3 id="m2">Major_functions.Onboard_Manager#onboard</h3><table class="result"><tr><th>Messages</th></tr><tr><td><div class="messages">ChromeDriver initialized<br/>Navigated to Login page<br/>Entered Email<br/>Entered Password<br/>Clicked on Login button<br/>Implicit wait set for 2 seconds<br/>Select property to add vendor</div></td></tr><tr><th>Exception</th></tr><tr><td><div class="stacktrace">org.openqa.selenium.NoSuchElementException: no such element: Unable to locate element: {&quot;method&quot;:&quot;xpath&quot;,&quot;selector&quot;:&quot;/html/body/div/div/div[3]/div/div[4]/div[1]/div/div[2]/div/div/div/div/form/div[1]/input[6]&quot;}
  (Session info: chrome=137.0.7151.120)
For documentation on this error, please visit: https://selenium.dev/exceptions/#no_such_element
Build info: version: &apos;4.9.0&apos;, revision: &apos;d7057100a6&apos;
System info: os.name: &apos;Mac OS X&apos;, os.arch: &apos;x86_64&apos;, os.version: &apos;15.5&apos;, java.version: &apos;21.0.7&apos;
Driver info: org.openqa.selenium.chrome.ChromeDriver
Command: [09853b285de95d4d748aedfcfbc80683, findElement {using=xpath, value=/html/body/div/div/div[3]/div/div[4]/div[1]/div/div[2]/div/div/div/div/form/div[1]/input[6]}]
Capabilities {acceptInsecureCerts: false, browserName: chrome, browserVersion: 137.0.7151.120, chrome: {chromedriverVersion: 137.0.7151.119 (e0ac9d12dff..., userDataDir: /var/folders/tv/r8sg1_9d3v1...}, fedcm:accounts: true, goog:chromeOptions: {debuggerAddress: localhost:50962}, networkConnectionEnabled: false, pageLoadStrategy: normal, platformName: MAC, proxy: Proxy(), se:cdp: ws://localhost:50962/devtoo..., se:cdpVersion: 137.0.7151.120, setWindowRect: true, strictFileInteractability: false, timeouts: {implicit: 0, pageLoad: 300000, script: 30000}, unhandledPromptBehavior: dismiss and notify, webauthn:extension:credBlob: true, webauthn:extension:largeBlob: true, webauthn:extension:minPinLength: true, webauthn:extension:prf: true, webauthn:virtualAuthenticators: true}
Session ID: 09853b285de95d4d748aedfcfbc80683
	at org.openqa.selenium.remote.codec.w3c.W3CHttpResponseCodec.createException(W3CHttpResponseCodec.java:200)
	at org.openqa.selenium.remote.codec.w3c.W3CHttpResponseCodec.decode(W3CHttpResponseCodec.java:133)
	at org.openqa.selenium.remote.codec.w3c.W3CHttpResponseCodec.decode(W3CHttpResponseCodec.java:53)
	at org.openqa.selenium.remote.HttpCommandExecutor.execute(HttpCommandExecutor.java:193)
	at org.openqa.selenium.remote.service.DriverCommandExecutor.invokeExecute(DriverCommandExecutor.java:183)
	at org.openqa.selenium.remote.service.DriverCommandExecutor.execute(DriverCommandExecutor.java:158)
	at org.openqa.selenium.remote.RemoteWebDriver.execute(RemoteWebDriver.java:543)
	at org.openqa.selenium.remote.ElementLocation$ElementFinder$2.findElement(ElementLocation.java:162)
	at org.openqa.selenium.remote.ElementLocation.findElement(ElementLocation.java:60)
	at org.openqa.selenium.remote.RemoteWebDriver.findElement(RemoteWebDriver.java:352)
	at org.openqa.selenium.remote.RemoteWebDriver.findElement(RemoteWebDriver.java:344)
	at Major_functions.Onboard_Manager.onboard(Onboard_Manager.java:104)
	at java.base/java.util.ArrayList.forEach(ArrayList.java:1596)
... Removed 28 stack frames</div></td></tr></table><p class="totop"><a href="#summary">back to summary</a></p>
<h3 id="m3">Major_functions.Add_Landlord#add</h3><table class="result"><tr><th>Messages</th></tr><tr><td><div class="messages">ChromeDriver initialized<br/>Navigated to Login page<br/>Entered Email<br/>Entered Password<br/>Clicked on Login button<br/>Implicit wait set for 2 seconds<br/>Select property to add vendor</div></td></tr></table><p class="totop"><a href="#summary">back to summary</a></p>
<h3 id="m4">Major_functions.Add_Tenant#add</h3><table class="result"><tr><th>Messages</th></tr><tr><td><div class="messages">ChromeDriver initialized<br/>Navigated to Login page<br/>Entered Email<br/>Entered Password<br/>Clicked on Login button<br/>Implicit wait set for 2 seconds<br/>Select property to add vendor<br/>Clicked on Add Tenant button<br/>Entered First Name: temp<br/>Entered Last Name: tenant<br/>Entered Email<br/>Entered Phone Number<br/>Clicked on Save button<br/>Waited for 2 seconds<br/>Closed the browser</div></td></tr></table><p class="totop"><a href="#summary">back to summary</a></p>
<h3 id="m5">Major_functions.Add_multifamily_Property#add</h3><table class="result"><tr><th>Messages</th></tr><tr><td><div class="messages">ChromeDriver initialized<br/>Navigated to Login page<br/>Entered email address<br/>Entered Password<br/>Clicked on Login button<br/>Clicked on Property icon<br/>Click on multi-familty property<br/>Entered the address.<br/>Entered the city.<br/>Entered the state.<br/>Entered the zip code.<br/>Clicked on save button</div></td></tr></table><p class="totop"><a href="#summary">back to summary</a></p>
<h3 id="m6">Major_functions.Add_single_property#add</h3><table class="result"><tr><th>Messages</th></tr><tr><td><div class="messages">ChromeDriver initialized<br/>Navigated to Login page<br/>Entered email address<br/>Entered Password<br/>Clicked on Login button<br/>Clicked on Property icon<br/>Entered the address.<br/>Entered the city.<br/>Entered the state.<br/>Entered the zip code.<br/>Clicked on save button</div></td></tr></table><p class="totop"><a href="#summary">back to summary</a></p>
<h3 id="m7">Major_functions.Add_vendor#add</h3><table class="result"><tr><th>Messages</th></tr><tr><td><div class="messages">ChromeDriver initialized<br/>Navigated to Login page<br/>Entered Email<br/>Entered Password<br/>Clicked on Login button<br/>Implicit wait set for 2 seconds<br/>Select property to add vendor<br/>Clicked on Add Vendor icon<br/>Implicit wait set for 10 seconds<br/>Search the vendor in the list<br/>Clicked on assign button<br/>Seleted first speciality of vendor<br/>Clicked on submit button<br/>Waited for 2 seconds<br/>Closed the browser</div></td></tr></table><p class="totop"><a href="#summary">back to summary</a></p>
<h3 id="m8">Major_functions.Onboard_Vendor#Onboard</h3><table class="result"><tr><th>Messages</th></tr><tr><td><div class="messages">ChromeDriver initialized<br/>Navigated to Login page<br/>Entered Email<br/>Entered Password<br/>Clicked on Login button<br/>Implicit wait set for 2 seconds<br/>Select property to add vendor<br/>Clicked on Vendor section<br/>Clicked on Add Vendor icon<br/>Clicked on Add onboard Vendor<br/>Entered first name<br/>Entered last name<br/>Entered company name<br/>Entered email <br/>Entered phone number<br/>Clicked on Add onboard Vendor<br/>Waited for 2 seconds<br/>Closed the browser</div></td></tr></table><p class="totop"><a href="#summary">back to summary</a></p>
<h3 id="m9">Major_functions.Remove_Landlord#remove</h3><table class="result"><tr><th>Messages</th></tr><tr><td><div class="messages">ChromeDriver initialized<br/>Navigated to Login page<br/>Entered Email<br/>Entered Password<br/>Clicked on Login button<br/>Implicit wait set for 2 seconds<br/>Select property to add vendor</div></td></tr></table><p class="totop"><a href="#summary">back to summary</a></p>
<h3 id="m10">Major_functions.Remove_Manager#remove</h3><table class="result"><tr><th>Messages</th></tr><tr><td><div class="messages">ChromeDriver initialized<br/>Navigated to Login page<br/>Entered Email<br/>Entered Password<br/>Clicked on Login button<br/>Implicit wait set for 2 seconds<br/>Select property to add vendor</div></td></tr></table><p class="totop"><a href="#summary">back to summary</a></p>
<h3 id="m11">Major_functions.Remove_Property#remove</h3><table class="result"><tr><th>Messages</th></tr><tr><td><div class="messages">ChromeDriver initialized<br/>Navigated to Login page<br/>Entered Email<br/>Entered Password<br/>Clicked on Login button<br/>Selected property to add vendor<br/>Removed the property successfully.</div></td></tr></table><p class="totop"><a href="#summary">back to summary</a></p>
<h3 id="m12">Major_functions.Remove_Vendor#remove</h3><table class="result"><tr><th>Messages</th></tr><tr><td><div class="messages">Launching the application<br/>Navigated to Login page<br/>Entered Email<br/>Entered Password<br/>Clicked on Login button<br/>Implicit wait set for 2 seconds<br/>Select property to add vendor<br/>Vendor removal confirmed<br/>Closing the browser</div></td></tr></table><p class="totop"><a href="#summary">back to summary</a></p>
<h3 id="m13">Major_functions.Remove_tenant#delete</h3><table class="result"><tr><th>Messages</th></tr><tr><td><div class="messages">ChromeDriver initialized<br/>Navigated to Login page<br/>Entered Email<br/>Entered Password<br/>Clicked on Login button<br/>Implicit wait set for 2 seconds<br/>select the property<br/>Clicked on Delete button for tenant<br/>Confirmed tenant deletion<br/>Waited for 3 seconds<br/>Closed the browser</div></td></tr></table><p class="totop"><a href="#summary">back to summary</a></p>
</body>
</html>
