<?xml version="1.0" encoding="UTF-8"?>
<testng-results ignored="0" total="14" passed="11" failed="3" skipped="0">
  <reporter-output>
    <line>
      <![CDATA[ChromeDriver initialized]]>
    </line>
    <line>
      <![CDATA[Navigated to Login page]]>
    </line>
    <line>
      <![CDATA[Entered email address]]>
    </line>
    <line>
      <![CDATA[Entered Password]]>
    </line>
    <line>
      <![CDATA[Clicked on Login button]]>
    </line>
    <line>
      <![CDATA[Clicked on Property icon]]>
    </line>
    <line>
      <![CDATA[Click on multi-familty property]]>
    </line>
    <line>
      <![CDATA[Entered the address.]]>
    </line>
    <line>
      <![CDATA[Entered the city.]]>
    </line>
    <line>
      <![CDATA[Entered the state.]]>
    </line>
    <line>
      <![CDATA[Entered the zip code.]]>
    </line>
    <line>
      <![CDATA[Clicked on save button]]>
    </line>
    <line>
      <![CDATA[ChromeDriver initialized]]>
    </line>
    <line>
      <![CDATA[Navigated to Login page]]>
    </line>
    <line>
      <![CDATA[Entered Email]]>
    </line>
    <line>
      <![CDATA[Entered Password]]>
    </line>
    <line>
      <![CDATA[Clicked on Login button]]>
    </line>
    <line>
      <![CDATA[Selected property to add vendor]]>
    </line>
    <line>
      <![CDATA[Removed the property successfully.]]>
    </line>
    <line>
      <![CDATA[ChromeDriver initialized]]>
    </line>
    <line>
      <![CDATA[Navigated to Login page]]>
    </line>
    <line>
      <![CDATA[Entered email address]]>
    </line>
    <line>
      <![CDATA[Entered Password]]>
    </line>
    <line>
      <![CDATA[Clicked on Login button]]>
    </line>
    <line>
      <![CDATA[Clicked on Property icon]]>
    </line>
    <line>
      <![CDATA[Entered the address.]]>
    </line>
    <line>
      <![CDATA[Entered the city.]]>
    </line>
    <line>
      <![CDATA[Entered the state.]]>
    </line>
    <line>
      <![CDATA[Entered the zip code.]]>
    </line>
    <line>
      <![CDATA[Clicked on save button]]>
    </line>
    <line>
      <![CDATA[ChromeDriver initialized]]>
    </line>
    <line>
      <![CDATA[Navigated to Login page]]>
    </line>
    <line>
      <![CDATA[Entered Email]]>
    </line>
    <line>
      <![CDATA[Entered Password]]>
    </line>
    <line>
      <![CDATA[Clicked on Login button]]>
    </line>
    <line>
      <![CDATA[Implicit wait set for 2 seconds]]>
    </line>
    <line>
      <![CDATA[Select property to add vendor]]>
    </line>
    <line>
      <![CDATA[Clicked on Add Tenant button]]>
    </line>
    <line>
      <![CDATA[Entered First Name: temp]]>
    </line>
    <line>
      <![CDATA[Entered Last Name: tenant]]>
    </line>
    <line>
      <![CDATA[Entered Email]]>
    </line>
    <line>
      <![CDATA[Entered Phone Number]]>
    </line>
    <line>
      <![CDATA[Clicked on Save button]]>
    </line>
    <line>
      <![CDATA[Waited for 2 seconds]]>
    </line>
    <line>
      <![CDATA[Closed the browser]]>
    </line>
    <line>
      <![CDATA[ChromeDriver initialized]]>
    </line>
    <line>
      <![CDATA[Navigated to Login page]]>
    </line>
    <line>
      <![CDATA[Entered Email]]>
    </line>
    <line>
      <![CDATA[Entered Password]]>
    </line>
    <line>
      <![CDATA[Clicked on Login button]]>
    </line>
    <line>
      <![CDATA[Implicit wait set for 2 seconds]]>
    </line>
    <line>
      <![CDATA[select the property]]>
    </line>
    <line>
      <![CDATA[Clicked on Delete button for tenant]]>
    </line>
    <line>
      <![CDATA[Confirmed tenant deletion]]>
    </line>
    <line>
      <![CDATA[Waited for 3 seconds]]>
    </line>
    <line>
      <![CDATA[Closed the browser]]>
    </line>
    <line>
      <![CDATA[ChromeDriver initialized]]>
    </line>
    <line>
      <![CDATA[Navigated to Login page]]>
    </line>
    <line>
      <![CDATA[Entered Email]]>
    </line>
    <line>
      <![CDATA[Entered Password]]>
    </line>
    <line>
      <![CDATA[Clicked on Login button]]>
    </line>
    <line>
      <![CDATA[Implicit wait set for 2 seconds]]>
    </line>
    <line>
      <![CDATA[Select property to add vendor]]>
    </line>
    <line>
      <![CDATA[Clicked on Add Vendor icon]]>
    </line>
    <line>
      <![CDATA[Implicit wait set for 10 seconds]]>
    </line>
    <line>
      <![CDATA[Search the vendor in the list]]>
    </line>
    <line>
      <![CDATA[Clicked on assign button]]>
    </line>
    <line>
      <![CDATA[Seleted first speciality of vendor]]>
    </line>
    <line>
      <![CDATA[Clicked on submit button]]>
    </line>
    <line>
      <![CDATA[Waited for 2 seconds]]>
    </line>
    <line>
      <![CDATA[Closed the browser]]>
    </line>
    <line>
      <![CDATA[Launching the application]]>
    </line>
    <line>
      <![CDATA[Navigated to Login page]]>
    </line>
    <line>
      <![CDATA[Entered Email]]>
    </line>
    <line>
      <![CDATA[Entered Password]]>
    </line>
    <line>
      <![CDATA[Clicked on Login button]]>
    </line>
    <line>
      <![CDATA[Implicit wait set for 2 seconds]]>
    </line>
    <line>
      <![CDATA[Select property to add vendor]]>
    </line>
    <line>
      <![CDATA[Vendor removal confirmed]]>
    </line>
    <line>
      <![CDATA[Closing the browser]]>
    </line>
    <line>
      <![CDATA[ChromeDriver initialized]]>
    </line>
    <line>
      <![CDATA[Navigated to Login page]]>
    </line>
    <line>
      <![CDATA[Entered Email]]>
    </line>
    <line>
      <![CDATA[Entered Password]]>
    </line>
    <line>
      <![CDATA[Clicked on Login button]]>
    </line>
    <line>
      <![CDATA[Implicit wait set for 2 seconds]]>
    </line>
    <line>
      <![CDATA[Select property to add vendor]]>
    </line>
    <line>
      <![CDATA[Clicked on Vendor section]]>
    </line>
    <line>
      <![CDATA[Clicked on Add Vendor icon]]>
    </line>
    <line>
      <![CDATA[Clicked on Add onboard Vendor]]>
    </line>
    <line>
      <![CDATA[Entered first name]]>
    </line>
    <line>
      <![CDATA[Entered last name]]>
    </line>
    <line>
      <![CDATA[Entered company name]]>
    </line>
    <line>
      <![CDATA[Entered email ]]>
    </line>
    <line>
      <![CDATA[Entered phone number]]>
    </line>
    <line>
      <![CDATA[Clicked on Add onboard Vendor]]>
    </line>
    <line>
      <![CDATA[Waited for 2 seconds]]>
    </line>
    <line>
      <![CDATA[Closed the browser]]>
    </line>
    <line>
      <![CDATA[ChromeDriver initialized]]>
    </line>
    <line>
      <![CDATA[Navigated to Login page]]>
    </line>
    <line>
      <![CDATA[Entered Email]]>
    </line>
    <line>
      <![CDATA[Entered Password]]>
    </line>
    <line>
      <![CDATA[Clicked on Login button]]>
    </line>
    <line>
      <![CDATA[Implicit wait set for 2 seconds]]>
    </line>
    <line>
      <![CDATA[Select property to add vendor]]>
    </line>
    <line>
      <![CDATA[ChromeDriver initialized]]>
    </line>
    <line>
      <![CDATA[Navigated to Login page]]>
    </line>
    <line>
      <![CDATA[Entered Email]]>
    </line>
    <line>
      <![CDATA[Entered Password]]>
    </line>
    <line>
      <![CDATA[Clicked on Login button]]>
    </line>
    <line>
      <![CDATA[Implicit wait set for 2 seconds]]>
    </line>
    <line>
      <![CDATA[Select property to add vendor]]>
    </line>
    <line>
      <![CDATA[ChromeDriver initialized]]>
    </line>
    <line>
      <![CDATA[Navigated to Login page]]>
    </line>
    <line>
      <![CDATA[Entered Email]]>
    </line>
    <line>
      <![CDATA[Entered Password]]>
    </line>
    <line>
      <![CDATA[Clicked on Login button]]>
    </line>
    <line>
      <![CDATA[Implicit wait set for 2 seconds]]>
    </line>
    <line>
      <![CDATA[Select property to add vendor]]>
    </line>
    <line>
      <![CDATA[ChromeDriver initialized]]>
    </line>
    <line>
      <![CDATA[Navigated to Login page]]>
    </line>
    <line>
      <![CDATA[Entered Email]]>
    </line>
    <line>
      <![CDATA[Entered Password]]>
    </line>
    <line>
      <![CDATA[Clicked on Login button]]>
    </line>
    <line>
      <![CDATA[Implicit wait set for 2 seconds]]>
    </line>
    <line>
      <![CDATA[Select property to add vendor]]>
    </line>
    <line>
      <![CDATA[ChromeDriver initialized]]>
    </line>
    <line>
      <![CDATA[Navigated to Login page]]>
    </line>
    <line>
      <![CDATA[Entered Email]]>
    </line>
    <line>
      <![CDATA[Entered Password]]>
    </line>
    <line>
      <![CDATA[Clicked on Login button]]>
    </line>
    <line>
      <![CDATA[Implicit wait set for 2 seconds]]>
    </line>
    <line>
      <![CDATA[Select property to add vendor]]>
    </line>
    <line>
      <![CDATA[ChromeDriver initialized]]>
    </line>
    <line>
      <![CDATA[Navigated to Login page]]>
    </line>
    <line>
      <![CDATA[Entered Email]]>
    </line>
    <line>
      <![CDATA[Entered Password]]>
    </line>
    <line>
      <![CDATA[Clicked on Login button]]>
    </line>
    <line>
      <![CDATA[Implicit wait set for 2 seconds]]>
    </line>
    <line>
      <![CDATA[Select property to add vendor]]>
    </line>
  </reporter-output>
  <suite started-at="2025-06-27T12:02:22 IST" name="Suite1" finished-at="2025-06-27T12:14:06 IST" duration-ms="703556">
    <groups>
    </groups>
    <test started-at="2025-06-27T12:02:22 IST" name="Sprint1" finished-at="2025-06-27T12:14:06 IST" duration-ms="703556">
      <class name="Major_functions.Add_single_property">
        <test-method is-config="true" signature="setUp()[pri:0, instance:Major_functions.Add_single_property@3c9754d8]" started-at="2025-06-27T12:03:57 IST" name="setUp" finished-at="2025-06-27T12:04:03 IST" duration-ms="5994" status="PASS">
          <reporter-output>
          </reporter-output>
        </test-method> <!-- setUp -->
        <test-method signature="add()[pri:0, instance:Major_functions.Add_single_property@3c9754d8]" started-at="2025-06-27T12:04:03 IST" name="add" finished-at="2025-06-27T12:04:42 IST" duration-ms="38123" status="PASS">
          <reporter-output>
            <line>
              <![CDATA[ChromeDriver initialized]]>
            </line>
            <line>
              <![CDATA[Navigated to Login page]]>
            </line>
            <line>
              <![CDATA[Entered email address]]>
            </line>
            <line>
              <![CDATA[Entered Password]]>
            </line>
            <line>
              <![CDATA[Clicked on Login button]]>
            </line>
            <line>
              <![CDATA[Clicked on Property icon]]>
            </line>
            <line>
              <![CDATA[Entered the address.]]>
            </line>
            <line>
              <![CDATA[Entered the city.]]>
            </line>
            <line>
              <![CDATA[Entered the state.]]>
            </line>
            <line>
              <![CDATA[Entered the zip code.]]>
            </line>
            <line>
              <![CDATA[Clicked on save button]]>
            </line>
          </reporter-output>
        </test-method> <!-- add -->
        <test-method is-config="true" signature="tearDown()[pri:0, instance:Major_functions.Add_single_property@3c9754d8]" started-at="2025-06-27T12:04:42 IST" name="tearDown" finished-at="2025-06-27T12:04:42 IST" duration-ms="56" status="PASS">
          <reporter-output>
          </reporter-output>
        </test-method> <!-- tearDown -->
      </class> <!-- Major_functions.Add_single_property -->
      <class name="Major_functions.Remove_Property">
        <test-method is-config="true" signature="setUp()[pri:0, instance:Major_functions.Remove_Property@7c6908d7]" started-at="2025-06-27T12:03:11 IST" name="setUp" finished-at="2025-06-27T12:03:17 IST" duration-ms="5878" status="PASS">
          <reporter-output>
          </reporter-output>
        </test-method> <!-- setUp -->
        <test-method signature="remove()[pri:0, instance:Major_functions.Remove_Property@7c6908d7]" started-at="2025-06-27T12:03:17 IST" name="remove" finished-at="2025-06-27T12:03:57 IST" duration-ms="40193" status="PASS">
          <reporter-output>
            <line>
              <![CDATA[ChromeDriver initialized]]>
            </line>
            <line>
              <![CDATA[Navigated to Login page]]>
            </line>
            <line>
              <![CDATA[Entered Email]]>
            </line>
            <line>
              <![CDATA[Entered Password]]>
            </line>
            <line>
              <![CDATA[Clicked on Login button]]>
            </line>
            <line>
              <![CDATA[Selected property to add vendor]]>
            </line>
            <line>
              <![CDATA[Removed the property successfully.]]>
            </line>
          </reporter-output>
        </test-method> <!-- remove -->
        <test-method is-config="true" signature="tearDown()[pri:0, instance:Major_functions.Remove_Property@7c6908d7]" started-at="2025-06-27T12:03:57 IST" name="tearDown" finished-at="2025-06-27T12:03:57 IST" duration-ms="56" status="PASS">
          <reporter-output>
          </reporter-output>
        </test-method> <!-- tearDown -->
      </class> <!-- Major_functions.Remove_Property -->
      <class name="Major_functions.Remove_tenant">
        <test-method is-config="true" signature="setUp()[pri:0, instance:Major_functions.Remove_tenant@79079097]" started-at="2025-06-27T12:05:31 IST" name="setUp" finished-at="2025-06-27T12:05:37 IST" duration-ms="5958" status="PASS">
          <reporter-output>
          </reporter-output>
        </test-method> <!-- setUp -->
        <test-method signature="delete()[pri:0, instance:Major_functions.Remove_tenant@79079097]" started-at="2025-06-27T12:05:37 IST" name="delete" finished-at="2025-06-27T12:06:24 IST" duration-ms="47333" status="PASS">
          <reporter-output>
            <line>
              <![CDATA[ChromeDriver initialized]]>
            </line>
            <line>
              <![CDATA[Navigated to Login page]]>
            </line>
            <line>
              <![CDATA[Entered Email]]>
            </line>
            <line>
              <![CDATA[Entered Password]]>
            </line>
            <line>
              <![CDATA[Clicked on Login button]]>
            </line>
            <line>
              <![CDATA[Implicit wait set for 2 seconds]]>
            </line>
            <line>
              <![CDATA[select the property]]>
            </line>
            <line>
              <![CDATA[Clicked on Delete button for tenant]]>
            </line>
            <line>
              <![CDATA[Confirmed tenant deletion]]>
            </line>
            <line>
              <![CDATA[Waited for 3 seconds]]>
            </line>
            <line>
              <![CDATA[Closed the browser]]>
            </line>
          </reporter-output>
        </test-method> <!-- delete -->
        <test-method is-config="true" signature="tearDown()[pri:0, instance:Major_functions.Remove_tenant@79079097]" started-at="2025-06-27T12:06:24 IST" name="tearDown" finished-at="2025-06-27T12:06:24 IST" duration-ms="178" status="PASS">
          <reporter-output>
          </reporter-output>
        </test-method> <!-- tearDown -->
      </class> <!-- Major_functions.Remove_tenant -->
      <class name="Major_functions.Remove_Landlord">
        <test-method is-config="true" signature="setUp()[pri:0, instance:Major_functions.Remove_Landlord@40005471]" started-at="2025-06-27T12:12:29 IST" name="setUp" finished-at="2025-06-27T12:12:35 IST" duration-ms="6857" status="PASS">
          <reporter-output>
          </reporter-output>
        </test-method> <!-- setUp -->
        <test-method signature="remove()[pri:0, instance:Major_functions.Remove_Landlord@40005471]" started-at="2025-06-27T12:12:35 IST" name="remove" finished-at="2025-06-27T12:13:15 IST" duration-ms="40059" status="PASS">
          <reporter-output>
            <line>
              <![CDATA[ChromeDriver initialized]]>
            </line>
            <line>
              <![CDATA[Navigated to Login page]]>
            </line>
            <line>
              <![CDATA[Entered Email]]>
            </line>
            <line>
              <![CDATA[Entered Password]]>
            </line>
            <line>
              <![CDATA[Clicked on Login button]]>
            </line>
            <line>
              <![CDATA[Implicit wait set for 2 seconds]]>
            </line>
            <line>
              <![CDATA[Select property to add vendor]]>
            </line>
          </reporter-output>
        </test-method> <!-- remove -->
        <test-method is-config="true" signature="tearDown()[pri:0, instance:Major_functions.Remove_Landlord@40005471]" started-at="2025-06-27T12:13:15 IST" name="tearDown" finished-at="2025-06-27T12:13:16 IST" duration-ms="54" status="PASS">
          <reporter-output>
          </reporter-output>
        </test-method> <!-- tearDown -->
      </class> <!-- Major_functions.Remove_Landlord -->
      <class name="Major_functions.Add_vendor">
        <test-method is-config="true" signature="setUp()[pri:0, instance:Major_functions.Add_vendor@4d1c00d0]" started-at="2025-06-27T12:06:24 IST" name="setUp" finished-at="2025-06-27T12:06:31 IST" duration-ms="6829" status="PASS">
          <reporter-output>
          </reporter-output>
        </test-method> <!-- setUp -->
        <test-method signature="add()[pri:0, instance:Major_functions.Add_vendor@4d1c00d0]" started-at="2025-06-27T12:06:31 IST" name="add" finished-at="2025-06-27T12:07:15 IST" duration-ms="44238" status="PASS">
          <reporter-output>
            <line>
              <![CDATA[ChromeDriver initialized]]>
            </line>
            <line>
              <![CDATA[Navigated to Login page]]>
            </line>
            <line>
              <![CDATA[Entered Email]]>
            </line>
            <line>
              <![CDATA[Entered Password]]>
            </line>
            <line>
              <![CDATA[Clicked on Login button]]>
            </line>
            <line>
              <![CDATA[Implicit wait set for 2 seconds]]>
            </line>
            <line>
              <![CDATA[Select property to add vendor]]>
            </line>
            <line>
              <![CDATA[Clicked on Add Vendor icon]]>
            </line>
            <line>
              <![CDATA[Implicit wait set for 10 seconds]]>
            </line>
            <line>
              <![CDATA[Search the vendor in the list]]>
            </line>
            <line>
              <![CDATA[Clicked on assign button]]>
            </line>
            <line>
              <![CDATA[Seleted first speciality of vendor]]>
            </line>
            <line>
              <![CDATA[Clicked on submit button]]>
            </line>
            <line>
              <![CDATA[Waited for 2 seconds]]>
            </line>
            <line>
              <![CDATA[Closed the browser]]>
            </line>
          </reporter-output>
        </test-method> <!-- add -->
        <test-method is-config="true" signature="tearDown()[pri:0, instance:Major_functions.Add_vendor@4d1c00d0]" started-at="2025-06-27T12:07:15 IST" name="tearDown" finished-at="2025-06-27T12:07:16 IST" duration-ms="55" status="PASS">
          <reporter-output>
          </reporter-output>
        </test-method> <!-- tearDown -->
      </class> <!-- Major_functions.Add_vendor -->
      <class name="Major_functions.Remove_Manager">
        <test-method is-config="true" signature="setUp()[pri:0, instance:Major_functions.Remove_Manager@26794848]" started-at="2025-06-27T12:10:02 IST" name="setUp" finished-at="2025-06-27T12:10:09 IST" duration-ms="6984" status="PASS">
          <reporter-output>
          </reporter-output>
        </test-method> <!-- setUp -->
        <test-method signature="remove()[pri:0, instance:Major_functions.Remove_Manager@26794848]" started-at="2025-06-27T12:10:09 IST" name="remove" finished-at="2025-06-27T12:10:49 IST" duration-ms="40228" status="PASS">
          <reporter-output>
            <line>
              <![CDATA[ChromeDriver initialized]]>
            </line>
            <line>
              <![CDATA[Navigated to Login page]]>
            </line>
            <line>
              <![CDATA[Entered Email]]>
            </line>
            <line>
              <![CDATA[Entered Password]]>
            </line>
            <line>
              <![CDATA[Clicked on Login button]]>
            </line>
            <line>
              <![CDATA[Implicit wait set for 2 seconds]]>
            </line>
            <line>
              <![CDATA[Select property to add vendor]]>
            </line>
          </reporter-output>
        </test-method> <!-- remove -->
        <test-method is-config="true" signature="tearDown()[pri:0, instance:Major_functions.Remove_Manager@26794848]" started-at="2025-06-27T12:10:49 IST" name="tearDown" finished-at="2025-06-27T12:10:49 IST" duration-ms="56" status="PASS">
          <reporter-output>
          </reporter-output>
        </test-method> <!-- tearDown -->
      </class> <!-- Major_functions.Remove_Manager -->
      <class name="Major_functions.Add_Landlord">
        <test-method is-config="true" signature="setUp()[pri:0, instance:Major_functions.Add_Landlord@3d285d7e]" started-at="2025-06-27T12:11:40 IST" name="setUp" finished-at="2025-06-27T12:11:46 IST" duration-ms="5841" status="PASS">
          <reporter-output>
          </reporter-output>
        </test-method> <!-- setUp -->
        <test-method signature="add()[pri:0, instance:Major_functions.Add_Landlord@3d285d7e]" started-at="2025-06-27T12:11:46 IST" name="add" finished-at="2025-06-27T12:12:29 IST" duration-ms="42846" status="PASS">
          <reporter-output>
            <line>
              <![CDATA[ChromeDriver initialized]]>
            </line>
            <line>
              <![CDATA[Navigated to Login page]]>
            </line>
            <line>
              <![CDATA[Entered Email]]>
            </line>
            <line>
              <![CDATA[Entered Password]]>
            </line>
            <line>
              <![CDATA[Clicked on Login button]]>
            </line>
            <line>
              <![CDATA[Implicit wait set for 2 seconds]]>
            </line>
            <line>
              <![CDATA[Select property to add vendor]]>
            </line>
          </reporter-output>
        </test-method> <!-- add -->
        <test-method is-config="true" signature="tearDown()[pri:0, instance:Major_functions.Add_Landlord@3d285d7e]" started-at="2025-06-27T12:12:29 IST" name="tearDown" finished-at="2025-06-27T12:12:29 IST" duration-ms="54" status="PASS">
          <reporter-output>
          </reporter-output>
        </test-method> <!-- tearDown -->
      </class> <!-- Major_functions.Add_Landlord -->
      <class name="Major_functions.Add_Manager">
        <test-method is-config="true" signature="setUp()[pri:0, instance:Major_functions.Add_Manager@bcec361]" started-at="2025-06-27T12:09:17 IST" name="setUp" finished-at="2025-06-27T12:09:23 IST" duration-ms="6870" status="PASS">
          <reporter-output>
          </reporter-output>
        </test-method> <!-- setUp -->
        <test-method signature="add()[pri:0, instance:Major_functions.Add_Manager@bcec361]" started-at="2025-06-27T12:09:23 IST" name="add" finished-at="2025-06-27T12:10:02 IST" duration-ms="38233" status="FAIL">
          <exception class="org.openqa.selenium.InvalidSelectorException">
            <message>
              <![CDATA[invalid selector: Unable to locate an element with the xpath expression #details18 > div:nth-child(5) > div.bg-slate-300.flex.justify-between > div > div > svg because of the following error:
SyntaxError: Failed to execute 'evaluate' on 'Document': The string '#details18 > div:nth-child(5) > div.bg-slate-300.flex.justify-between > div > div > svg' is not a valid XPath expression.
  (Session info: chrome=137.0.7151.120)
For documentation on this error, please visit: https://selenium.dev/exceptions/#invalid_selector_exception
Build info: version: '4.9.0', revision: 'd7057100a6'
System info: os.name: 'Mac OS X', os.arch: 'x86_64', os.version: '15.5', java.version: '21.0.7'
Driver info: org.openqa.selenium.chrome.ChromeDriver
Command: [08ed4b57c73b55d6a8b3ced650b05c2e, findElement {using=xpath, value=#details18 > div:nth-child(5) > div.bg-slate-300.flex.justify-between > div > div > svg}]
Capabilities {acceptInsecureCerts: false, browserName: chrome, browserVersion: 137.0.7151.120, chrome: {chromedriverVersion: 137.0.7151.119 (e0ac9d12dff..., userDataDir: /var/folders/tv/r8sg1_9d3v1...}, fedcm:accounts: true, goog:chromeOptions: {debuggerAddress: localhost:50846}, networkConnectionEnabled: false, pageLoadStrategy: normal, platformName: MAC, proxy: Proxy(), se:cdp: ws://localhost:50846/devtoo..., se:cdpVersion: 137.0.7151.120, setWindowRect: true, strictFileInteractability: false, timeouts: {implicit: 0, pageLoad: 300000, script: 30000}, unhandledPromptBehavior: dismiss and notify, webauthn:extension:credBlob: true, webauthn:extension:largeBlob: true, webauthn:extension:minPinLength: true, webauthn:extension:prf: true, webauthn:virtualAuthenticators: true}
Session ID: 08ed4b57c73b55d6a8b3ced650b05c2e]]>
            </message>
            <full-stacktrace>
              <![CDATA[org.openqa.selenium.InvalidSelectorException: invalid selector: Unable to locate an element with the xpath expression #details18 > div:nth-child(5) > div.bg-slate-300.flex.justify-between > div > div > svg because of the following error:
SyntaxError: Failed to execute 'evaluate' on 'Document': The string '#details18 > div:nth-child(5) > div.bg-slate-300.flex.justify-between > div > div > svg' is not a valid XPath expression.
  (Session info: chrome=137.0.7151.120)
For documentation on this error, please visit: https://selenium.dev/exceptions/#invalid_selector_exception
Build info: version: '4.9.0', revision: 'd7057100a6'
System info: os.name: 'Mac OS X', os.arch: 'x86_64', os.version: '15.5', java.version: '21.0.7'
Driver info: org.openqa.selenium.chrome.ChromeDriver
Command: [08ed4b57c73b55d6a8b3ced650b05c2e, findElement {using=xpath, value=#details18 > div:nth-child(5) > div.bg-slate-300.flex.justify-between > div > div > svg}]
Capabilities {acceptInsecureCerts: false, browserName: chrome, browserVersion: 137.0.7151.120, chrome: {chromedriverVersion: 137.0.7151.119 (e0ac9d12dff..., userDataDir: /var/folders/tv/r8sg1_9d3v1...}, fedcm:accounts: true, goog:chromeOptions: {debuggerAddress: localhost:50846}, networkConnectionEnabled: false, pageLoadStrategy: normal, platformName: MAC, proxy: Proxy(), se:cdp: ws://localhost:50846/devtoo..., se:cdpVersion: 137.0.7151.120, setWindowRect: true, strictFileInteractability: false, timeouts: {implicit: 0, pageLoad: 300000, script: 30000}, unhandledPromptBehavior: dismiss and notify, webauthn:extension:credBlob: true, webauthn:extension:largeBlob: true, webauthn:extension:minPinLength: true, webauthn:extension:prf: true, webauthn:virtualAuthenticators: true}
Session ID: 08ed4b57c73b55d6a8b3ced650b05c2e
at java.base/jdk.internal.reflect.DirectConstructorHandleAccessor.newInstance(DirectConstructorHandleAccessor.java:62)
at java.base/java.lang.reflect.Constructor.newInstanceWithCaller(Constructor.java:502)
at java.base/java.lang.reflect.Constructor.newInstance(Constructor.java:486)
at org.openqa.selenium.remote.codec.w3c.W3CHttpResponseCodec.createException(W3CHttpResponseCodec.java:200)
at org.openqa.selenium.remote.codec.w3c.W3CHttpResponseCodec.decode(W3CHttpResponseCodec.java:133)
at org.openqa.selenium.remote.codec.w3c.W3CHttpResponseCodec.decode(W3CHttpResponseCodec.java:53)
at org.openqa.selenium.remote.HttpCommandExecutor.execute(HttpCommandExecutor.java:193)
at org.openqa.selenium.remote.service.DriverCommandExecutor.invokeExecute(DriverCommandExecutor.java:183)
at org.openqa.selenium.remote.service.DriverCommandExecutor.execute(DriverCommandExecutor.java:158)
at org.openqa.selenium.remote.RemoteWebDriver.execute(RemoteWebDriver.java:543)
at org.openqa.selenium.remote.ElementLocation$ElementFinder$2.findElement(ElementLocation.java:162)
at org.openqa.selenium.remote.ElementLocation.findElement(ElementLocation.java:60)
at org.openqa.selenium.remote.RemoteWebDriver.findElement(RemoteWebDriver.java:352)
at org.openqa.selenium.remote.RemoteWebDriver.findElement(RemoteWebDriver.java:344)
at org.openqa.selenium.support.ui.ExpectedConditions$6.apply(ExpectedConditions.java:174)
at org.openqa.selenium.support.ui.ExpectedConditions$6.apply(ExpectedConditions.java:171)
at org.openqa.selenium.support.ui.FluentWait.until(FluentWait.java:208)
at Major_functions.Add_Manager.add(Add_Manager.java:67)
at java.base/jdk.internal.reflect.DirectMethodHandleAccessor.invoke(DirectMethodHandleAccessor.java:103)
at java.base/java.lang.reflect.Method.invoke(Method.java:580)
at org.testng.internal.invokers.MethodInvocationHelper.invokeMethod(MethodInvocationHelper.java:141)
at org.testng.internal.invokers.TestInvoker.invokeMethod(TestInvoker.java:687)
at org.testng.internal.invokers.TestInvoker.invokeTestMethod(TestInvoker.java:230)
at org.testng.internal.invokers.MethodRunner.runInSequence(MethodRunner.java:63)
at org.testng.internal.invokers.TestInvoker$MethodInvocationAgent.invoke(TestInvoker.java:995)
at org.testng.internal.invokers.TestInvoker.invokeTestMethods(TestInvoker.java:203)
at org.testng.internal.invokers.TestMethodWorker.invokeTestMethods(TestMethodWorker.java:154)
at org.testng.internal.invokers.TestMethodWorker.run(TestMethodWorker.java:134)
at java.base/java.util.ArrayList.forEach(ArrayList.java:1596)
at org.testng.TestRunner.privateRun(TestRunner.java:741)
at org.testng.TestRunner.run(TestRunner.java:616)
at org.testng.SuiteRunner.runTest(SuiteRunner.java:421)
at org.testng.SuiteRunner.runSequentially(SuiteRunner.java:413)
at org.testng.SuiteRunner.privateRun(SuiteRunner.java:373)
at org.testng.SuiteRunner.run(SuiteRunner.java:312)
at org.testng.SuiteRunnerWorker.runSuite(SuiteRunnerWorker.java:52)
at org.testng.SuiteRunnerWorker.run(SuiteRunnerWorker.java:95)
at org.testng.TestNG.runSuitesSequentially(TestNG.java:1274)
at org.testng.TestNG.runSuitesLocally(TestNG.java:1208)
at org.testng.TestNG.runSuites(TestNG.java:1112)
at org.testng.TestNG.run(TestNG.java:1079)
at org.testng.remote.AbstractRemoteTestNG.run(AbstractRemoteTestNG.java:115)
at org.testng.remote.RemoteTestNG.initAndRun(RemoteTestNG.java:293)
at org.testng.remote.RemoteTestNG.main(RemoteTestNG.java:91)
]]>
            </full-stacktrace>
          </exception> <!-- org.openqa.selenium.InvalidSelectorException -->
          <reporter-output>
            <line>
              <![CDATA[ChromeDriver initialized]]>
            </line>
            <line>
              <![CDATA[Navigated to Login page]]>
            </line>
            <line>
              <![CDATA[Entered Email]]>
            </line>
            <line>
              <![CDATA[Entered Password]]>
            </line>
            <line>
              <![CDATA[Clicked on Login button]]>
            </line>
            <line>
              <![CDATA[Implicit wait set for 2 seconds]]>
            </line>
            <line>
              <![CDATA[Select property to add vendor]]>
            </line>
          </reporter-output>
        </test-method> <!-- add -->
        <test-method is-config="true" signature="tearDown()[pri:0, instance:Major_functions.Add_Manager@bcec361]" started-at="2025-06-27T12:10:02 IST" name="tearDown" finished-at="2025-06-27T12:10:02 IST" duration-ms="222" status="PASS">
          <reporter-output>
          </reporter-output>
        </test-method> <!-- tearDown -->
      </class> <!-- Major_functions.Add_Manager -->
      <class name="Major_functions.Add_Tenant">
        <test-method is-config="true" signature="setUp()[pri:0, instance:Major_functions.Add_Tenant@3bf7ca37]" started-at="2025-06-27T12:04:42 IST" name="setUp" finished-at="2025-06-27T12:04:48 IST" duration-ms="6843" status="PASS">
          <reporter-output>
          </reporter-output>
        </test-method> <!-- setUp -->
        <test-method signature="add()[pri:0, instance:Major_functions.Add_Tenant@3bf7ca37]" started-at="2025-06-27T12:04:48 IST" name="add" finished-at="2025-06-27T12:05:31 IST" duration-ms="42452" status="PASS">
          <reporter-output>
            <line>
              <![CDATA[ChromeDriver initialized]]>
            </line>
            <line>
              <![CDATA[Navigated to Login page]]>
            </line>
            <line>
              <![CDATA[Entered Email]]>
            </line>
            <line>
              <![CDATA[Entered Password]]>
            </line>
            <line>
              <![CDATA[Clicked on Login button]]>
            </line>
            <line>
              <![CDATA[Implicit wait set for 2 seconds]]>
            </line>
            <line>
              <![CDATA[Select property to add vendor]]>
            </line>
            <line>
              <![CDATA[Clicked on Add Tenant button]]>
            </line>
            <line>
              <![CDATA[Entered First Name: temp]]>
            </line>
            <line>
              <![CDATA[Entered Last Name: tenant]]>
            </line>
            <line>
              <![CDATA[Entered Email]]>
            </line>
            <line>
              <![CDATA[Entered Phone Number]]>
            </line>
            <line>
              <![CDATA[Clicked on Save button]]>
            </line>
            <line>
              <![CDATA[Waited for 2 seconds]]>
            </line>
            <line>
              <![CDATA[Closed the browser]]>
            </line>
          </reporter-output>
        </test-method> <!-- add -->
        <test-method is-config="true" signature="tearDown()[pri:0, instance:Major_functions.Add_Tenant@3bf7ca37]" started-at="2025-06-27T12:05:31 IST" name="tearDown" finished-at="2025-06-27T12:05:31 IST" duration-ms="58" status="PASS">
          <reporter-output>
          </reporter-output>
        </test-method> <!-- tearDown -->
      </class> <!-- Major_functions.Add_Tenant -->
      <class name="Major_functions.Onboard_Vendor">
        <test-method is-config="true" signature="setUp()[pri:0, instance:Major_functions.Onboard_Vendor@4e08711f]" started-at="2025-06-27T12:08:19 IST" name="setUp" finished-at="2025-06-27T12:08:25 IST" duration-ms="5826" status="PASS">
          <reporter-output>
          </reporter-output>
        </test-method> <!-- setUp -->
        <test-method signature="Onboard()[pri:0, instance:Major_functions.Onboard_Vendor@4e08711f]" started-at="2025-06-27T12:08:25 IST" name="Onboard" finished-at="2025-06-27T12:09:17 IST" duration-ms="51505" status="PASS">
          <reporter-output>
            <line>
              <![CDATA[ChromeDriver initialized]]>
            </line>
            <line>
              <![CDATA[Navigated to Login page]]>
            </line>
            <line>
              <![CDATA[Entered Email]]>
            </line>
            <line>
              <![CDATA[Entered Password]]>
            </line>
            <line>
              <![CDATA[Clicked on Login button]]>
            </line>
            <line>
              <![CDATA[Implicit wait set for 2 seconds]]>
            </line>
            <line>
              <![CDATA[Select property to add vendor]]>
            </line>
            <line>
              <![CDATA[Clicked on Vendor section]]>
            </line>
            <line>
              <![CDATA[Clicked on Add Vendor icon]]>
            </line>
            <line>
              <![CDATA[Clicked on Add onboard Vendor]]>
            </line>
            <line>
              <![CDATA[Entered first name]]>
            </line>
            <line>
              <![CDATA[Entered last name]]>
            </line>
            <line>
              <![CDATA[Entered company name]]>
            </line>
            <line>
              <![CDATA[Entered email ]]>
            </line>
            <line>
              <![CDATA[Entered phone number]]>
            </line>
            <line>
              <![CDATA[Clicked on Add onboard Vendor]]>
            </line>
            <line>
              <![CDATA[Waited for 2 seconds]]>
            </line>
            <line>
              <![CDATA[Closed the browser]]>
            </line>
          </reporter-output>
        </test-method> <!-- Onboard -->
        <test-method is-config="true" signature="tearDown()[pri:0, instance:Major_functions.Onboard_Vendor@4e08711f]" started-at="2025-06-27T12:09:17 IST" name="tearDown" finished-at="2025-06-27T12:09:17 IST" duration-ms="54" status="PASS">
          <reporter-output>
          </reporter-output>
        </test-method> <!-- tearDown -->
      </class> <!-- Major_functions.Onboard_Vendor -->
      <class name="Major_functions.Add_multifamily_Property">
        <test-method is-config="true" signature="setUp()[pri:0, instance:Major_functions.Add_multifamily_Property@408d971b]" started-at="2025-06-27T12:02:22 IST" name="setUp" finished-at="2025-06-27T12:02:30 IST" duration-ms="7335" status="PASS">
          <reporter-output>
          </reporter-output>
        </test-method> <!-- setUp -->
        <test-method signature="add()[pri:0, instance:Major_functions.Add_multifamily_Property@408d971b]" started-at="2025-06-27T12:02:30 IST" name="add" finished-at="2025-06-27T12:03:11 IST" duration-ms="41671" status="PASS">
          <reporter-output>
            <line>
              <![CDATA[ChromeDriver initialized]]>
            </line>
            <line>
              <![CDATA[Navigated to Login page]]>
            </line>
            <line>
              <![CDATA[Entered email address]]>
            </line>
            <line>
              <![CDATA[Entered Password]]>
            </line>
            <line>
              <![CDATA[Clicked on Login button]]>
            </line>
            <line>
              <![CDATA[Clicked on Property icon]]>
            </line>
            <line>
              <![CDATA[Click on multi-familty property]]>
            </line>
            <line>
              <![CDATA[Entered the address.]]>
            </line>
            <line>
              <![CDATA[Entered the city.]]>
            </line>
            <line>
              <![CDATA[Entered the state.]]>
            </line>
            <line>
              <![CDATA[Entered the zip code.]]>
            </line>
            <line>
              <![CDATA[Clicked on save button]]>
            </line>
          </reporter-output>
        </test-method> <!-- add -->
        <test-method is-config="true" signature="tearDown()[pri:0, instance:Major_functions.Add_multifamily_Property@408d971b]" started-at="2025-06-27T12:03:11 IST" name="tearDown" finished-at="2025-06-27T12:03:11 IST" duration-ms="64" status="PASS">
          <reporter-output>
          </reporter-output>
        </test-method> <!-- tearDown -->
      </class> <!-- Major_functions.Add_multifamily_Property -->
      <class name="Major_functions.Onboard_Landlord">
        <test-method is-config="true" signature="setUp()[pri:0, instance:Major_functions.Onboard_Landlord@2cd76f31]" started-at="2025-06-27T12:13:16 IST" name="setUp" finished-at="2025-06-27T12:13:22 IST" duration-ms="6876" status="PASS">
          <reporter-output>
          </reporter-output>
        </test-method> <!-- setUp -->
        <test-method signature="onboard()[pri:0, instance:Major_functions.Onboard_Landlord@2cd76f31]" started-at="2025-06-27T12:13:22 IST" name="onboard" finished-at="2025-06-27T12:14:05 IST" duration-ms="43034" status="FAIL">
          <exception class="org.openqa.selenium.NoSuchElementException">
            <message>
              <![CDATA[no such element: Unable to locate element: {"method":"xpath","selector":"/html/body/div/div/div[3]/div/div[4]/div[1]/div/div[2]/div/div/div/div/form/div[1]/input[6]"}
  (Session info: chrome=137.0.7151.120)
For documentation on this error, please visit: https://selenium.dev/exceptions/#no_such_element
Build info: version: '4.9.0', revision: 'd7057100a6'
System info: os.name: 'Mac OS X', os.arch: 'x86_64', os.version: '15.5', java.version: '21.0.7'
Driver info: org.openqa.selenium.chrome.ChromeDriver
Command: [0d84f88d579e9723428da8dd60d09967, findElement {using=xpath, value=/html/body/div/div/div[3]/div/div[4]/div[1]/div/div[2]/div/div/div/div/form/div[1]/input[6]}]
Capabilities {acceptInsecureCerts: false, browserName: chrome, browserVersion: 137.0.7151.120, chrome: {chromedriverVersion: 137.0.7151.119 (e0ac9d12dff..., userDataDir: /var/folders/tv/r8sg1_9d3v1...}, fedcm:accounts: true, goog:chromeOptions: {debuggerAddress: localhost:51125}, networkConnectionEnabled: false, pageLoadStrategy: normal, platformName: MAC, proxy: Proxy(), se:cdp: ws://localhost:51125/devtoo..., se:cdpVersion: 137.0.7151.120, setWindowRect: true, strictFileInteractability: false, timeouts: {implicit: 0, pageLoad: 300000, script: 30000}, unhandledPromptBehavior: dismiss and notify, webauthn:extension:credBlob: true, webauthn:extension:largeBlob: true, webauthn:extension:minPinLength: true, webauthn:extension:prf: true, webauthn:virtualAuthenticators: true}
Session ID: 0d84f88d579e9723428da8dd60d09967]]>
            </message>
            <full-stacktrace>
              <![CDATA[org.openqa.selenium.NoSuchElementException: no such element: Unable to locate element: {"method":"xpath","selector":"/html/body/div/div/div[3]/div/div[4]/div[1]/div/div[2]/div/div/div/div/form/div[1]/input[6]"}
  (Session info: chrome=137.0.7151.120)
For documentation on this error, please visit: https://selenium.dev/exceptions/#no_such_element
Build info: version: '4.9.0', revision: 'd7057100a6'
System info: os.name: 'Mac OS X', os.arch: 'x86_64', os.version: '15.5', java.version: '21.0.7'
Driver info: org.openqa.selenium.chrome.ChromeDriver
Command: [0d84f88d579e9723428da8dd60d09967, findElement {using=xpath, value=/html/body/div/div/div[3]/div/div[4]/div[1]/div/div[2]/div/div/div/div/form/div[1]/input[6]}]
Capabilities {acceptInsecureCerts: false, browserName: chrome, browserVersion: 137.0.7151.120, chrome: {chromedriverVersion: 137.0.7151.119 (e0ac9d12dff..., userDataDir: /var/folders/tv/r8sg1_9d3v1...}, fedcm:accounts: true, goog:chromeOptions: {debuggerAddress: localhost:51125}, networkConnectionEnabled: false, pageLoadStrategy: normal, platformName: MAC, proxy: Proxy(), se:cdp: ws://localhost:51125/devtoo..., se:cdpVersion: 137.0.7151.120, setWindowRect: true, strictFileInteractability: false, timeouts: {implicit: 0, pageLoad: 300000, script: 30000}, unhandledPromptBehavior: dismiss and notify, webauthn:extension:credBlob: true, webauthn:extension:largeBlob: true, webauthn:extension:minPinLength: true, webauthn:extension:prf: true, webauthn:virtualAuthenticators: true}
Session ID: 0d84f88d579e9723428da8dd60d09967
at java.base/jdk.internal.reflect.DirectConstructorHandleAccessor.newInstance(DirectConstructorHandleAccessor.java:62)
at java.base/java.lang.reflect.Constructor.newInstanceWithCaller(Constructor.java:502)
at java.base/java.lang.reflect.Constructor.newInstance(Constructor.java:486)
at org.openqa.selenium.remote.codec.w3c.W3CHttpResponseCodec.createException(W3CHttpResponseCodec.java:200)
at org.openqa.selenium.remote.codec.w3c.W3CHttpResponseCodec.decode(W3CHttpResponseCodec.java:133)
at org.openqa.selenium.remote.codec.w3c.W3CHttpResponseCodec.decode(W3CHttpResponseCodec.java:53)
at org.openqa.selenium.remote.HttpCommandExecutor.execute(HttpCommandExecutor.java:193)
at org.openqa.selenium.remote.service.DriverCommandExecutor.invokeExecute(DriverCommandExecutor.java:183)
at org.openqa.selenium.remote.service.DriverCommandExecutor.execute(DriverCommandExecutor.java:158)
at org.openqa.selenium.remote.RemoteWebDriver.execute(RemoteWebDriver.java:543)
at org.openqa.selenium.remote.ElementLocation$ElementFinder$2.findElement(ElementLocation.java:162)
at org.openqa.selenium.remote.ElementLocation.findElement(ElementLocation.java:60)
at org.openqa.selenium.remote.RemoteWebDriver.findElement(RemoteWebDriver.java:352)
at org.openqa.selenium.remote.RemoteWebDriver.findElement(RemoteWebDriver.java:344)
at Major_functions.Onboard_Landlord.onboard(Onboard_Landlord.java:104)
at java.base/jdk.internal.reflect.DirectMethodHandleAccessor.invoke(DirectMethodHandleAccessor.java:103)
at java.base/java.lang.reflect.Method.invoke(Method.java:580)
at org.testng.internal.invokers.MethodInvocationHelper.invokeMethod(MethodInvocationHelper.java:141)
at org.testng.internal.invokers.TestInvoker.invokeMethod(TestInvoker.java:687)
at org.testng.internal.invokers.TestInvoker.invokeTestMethod(TestInvoker.java:230)
at org.testng.internal.invokers.MethodRunner.runInSequence(MethodRunner.java:63)
at org.testng.internal.invokers.TestInvoker$MethodInvocationAgent.invoke(TestInvoker.java:995)
at org.testng.internal.invokers.TestInvoker.invokeTestMethods(TestInvoker.java:203)
at org.testng.internal.invokers.TestMethodWorker.invokeTestMethods(TestMethodWorker.java:154)
at org.testng.internal.invokers.TestMethodWorker.run(TestMethodWorker.java:134)
at java.base/java.util.ArrayList.forEach(ArrayList.java:1596)
at org.testng.TestRunner.privateRun(TestRunner.java:741)
at org.testng.TestRunner.run(TestRunner.java:616)
at org.testng.SuiteRunner.runTest(SuiteRunner.java:421)
at org.testng.SuiteRunner.runSequentially(SuiteRunner.java:413)
at org.testng.SuiteRunner.privateRun(SuiteRunner.java:373)
at org.testng.SuiteRunner.run(SuiteRunner.java:312)
at org.testng.SuiteRunnerWorker.runSuite(SuiteRunnerWorker.java:52)
at org.testng.SuiteRunnerWorker.run(SuiteRunnerWorker.java:95)
at org.testng.TestNG.runSuitesSequentially(TestNG.java:1274)
at org.testng.TestNG.runSuitesLocally(TestNG.java:1208)
at org.testng.TestNG.runSuites(TestNG.java:1112)
at org.testng.TestNG.run(TestNG.java:1079)
at org.testng.remote.AbstractRemoteTestNG.run(AbstractRemoteTestNG.java:115)
at org.testng.remote.RemoteTestNG.initAndRun(RemoteTestNG.java:293)
at org.testng.remote.RemoteTestNG.main(RemoteTestNG.java:91)
]]>
            </full-stacktrace>
          </exception> <!-- org.openqa.selenium.NoSuchElementException -->
          <reporter-output>
            <line>
              <![CDATA[ChromeDriver initialized]]>
            </line>
            <line>
              <![CDATA[Navigated to Login page]]>
            </line>
            <line>
              <![CDATA[Entered Email]]>
            </line>
            <line>
              <![CDATA[Entered Password]]>
            </line>
            <line>
              <![CDATA[Clicked on Login button]]>
            </line>
            <line>
              <![CDATA[Implicit wait set for 2 seconds]]>
            </line>
            <line>
              <![CDATA[Select property to add vendor]]>
            </line>
          </reporter-output>
        </test-method> <!-- onboard -->
        <test-method is-config="true" signature="tearDown()[pri:0, instance:Major_functions.Onboard_Landlord@2cd76f31]" started-at="2025-06-27T12:14:05 IST" name="tearDown" finished-at="2025-06-27T12:14:06 IST" duration-ms="221" status="PASS">
          <reporter-output>
          </reporter-output>
        </test-method> <!-- tearDown -->
      </class> <!-- Major_functions.Onboard_Landlord -->
      <class name="Major_functions.Onboard_Manager">
        <test-method is-config="true" signature="setUp()[pri:0, instance:Major_functions.Onboard_Manager@302552ec]" started-at="2025-06-27T12:10:49 IST" name="setUp" finished-at="2025-06-27T12:10:55 IST" duration-ms="6056" status="PASS">
          <reporter-output>
          </reporter-output>
        </test-method> <!-- setUp -->
        <test-method signature="onboard()[pri:0, instance:Major_functions.Onboard_Manager@302552ec]" started-at="2025-06-27T12:10:55 IST" name="onboard" finished-at="2025-06-27T12:11:40 IST" duration-ms="44268" status="FAIL">
          <exception class="org.openqa.selenium.NoSuchElementException">
            <message>
              <![CDATA[no such element: Unable to locate element: {"method":"xpath","selector":"/html/body/div/div/div[3]/div/div[4]/div[1]/div/div[2]/div/div/div/div/form/div[1]/input[6]"}
  (Session info: chrome=137.0.7151.120)
For documentation on this error, please visit: https://selenium.dev/exceptions/#no_such_element
Build info: version: '4.9.0', revision: 'd7057100a6'
System info: os.name: 'Mac OS X', os.arch: 'x86_64', os.version: '15.5', java.version: '21.0.7'
Driver info: org.openqa.selenium.chrome.ChromeDriver
Command: [09853b285de95d4d748aedfcfbc80683, findElement {using=xpath, value=/html/body/div/div/div[3]/div/div[4]/div[1]/div/div[2]/div/div/div/div/form/div[1]/input[6]}]
Capabilities {acceptInsecureCerts: false, browserName: chrome, browserVersion: 137.0.7151.120, chrome: {chromedriverVersion: 137.0.7151.119 (e0ac9d12dff..., userDataDir: /var/folders/tv/r8sg1_9d3v1...}, fedcm:accounts: true, goog:chromeOptions: {debuggerAddress: localhost:50962}, networkConnectionEnabled: false, pageLoadStrategy: normal, platformName: MAC, proxy: Proxy(), se:cdp: ws://localhost:50962/devtoo..., se:cdpVersion: 137.0.7151.120, setWindowRect: true, strictFileInteractability: false, timeouts: {implicit: 0, pageLoad: 300000, script: 30000}, unhandledPromptBehavior: dismiss and notify, webauthn:extension:credBlob: true, webauthn:extension:largeBlob: true, webauthn:extension:minPinLength: true, webauthn:extension:prf: true, webauthn:virtualAuthenticators: true}
Session ID: 09853b285de95d4d748aedfcfbc80683]]>
            </message>
            <full-stacktrace>
              <![CDATA[org.openqa.selenium.NoSuchElementException: no such element: Unable to locate element: {"method":"xpath","selector":"/html/body/div/div/div[3]/div/div[4]/div[1]/div/div[2]/div/div/div/div/form/div[1]/input[6]"}
  (Session info: chrome=137.0.7151.120)
For documentation on this error, please visit: https://selenium.dev/exceptions/#no_such_element
Build info: version: '4.9.0', revision: 'd7057100a6'
System info: os.name: 'Mac OS X', os.arch: 'x86_64', os.version: '15.5', java.version: '21.0.7'
Driver info: org.openqa.selenium.chrome.ChromeDriver
Command: [09853b285de95d4d748aedfcfbc80683, findElement {using=xpath, value=/html/body/div/div/div[3]/div/div[4]/div[1]/div/div[2]/div/div/div/div/form/div[1]/input[6]}]
Capabilities {acceptInsecureCerts: false, browserName: chrome, browserVersion: 137.0.7151.120, chrome: {chromedriverVersion: 137.0.7151.119 (e0ac9d12dff..., userDataDir: /var/folders/tv/r8sg1_9d3v1...}, fedcm:accounts: true, goog:chromeOptions: {debuggerAddress: localhost:50962}, networkConnectionEnabled: false, pageLoadStrategy: normal, platformName: MAC, proxy: Proxy(), se:cdp: ws://localhost:50962/devtoo..., se:cdpVersion: 137.0.7151.120, setWindowRect: true, strictFileInteractability: false, timeouts: {implicit: 0, pageLoad: 300000, script: 30000}, unhandledPromptBehavior: dismiss and notify, webauthn:extension:credBlob: true, webauthn:extension:largeBlob: true, webauthn:extension:minPinLength: true, webauthn:extension:prf: true, webauthn:virtualAuthenticators: true}
Session ID: 09853b285de95d4d748aedfcfbc80683
at java.base/jdk.internal.reflect.DirectConstructorHandleAccessor.newInstance(DirectConstructorHandleAccessor.java:62)
at java.base/java.lang.reflect.Constructor.newInstanceWithCaller(Constructor.java:502)
at java.base/java.lang.reflect.Constructor.newInstance(Constructor.java:486)
at org.openqa.selenium.remote.codec.w3c.W3CHttpResponseCodec.createException(W3CHttpResponseCodec.java:200)
at org.openqa.selenium.remote.codec.w3c.W3CHttpResponseCodec.decode(W3CHttpResponseCodec.java:133)
at org.openqa.selenium.remote.codec.w3c.W3CHttpResponseCodec.decode(W3CHttpResponseCodec.java:53)
at org.openqa.selenium.remote.HttpCommandExecutor.execute(HttpCommandExecutor.java:193)
at org.openqa.selenium.remote.service.DriverCommandExecutor.invokeExecute(DriverCommandExecutor.java:183)
at org.openqa.selenium.remote.service.DriverCommandExecutor.execute(DriverCommandExecutor.java:158)
at org.openqa.selenium.remote.RemoteWebDriver.execute(RemoteWebDriver.java:543)
at org.openqa.selenium.remote.ElementLocation$ElementFinder$2.findElement(ElementLocation.java:162)
at org.openqa.selenium.remote.ElementLocation.findElement(ElementLocation.java:60)
at org.openqa.selenium.remote.RemoteWebDriver.findElement(RemoteWebDriver.java:352)
at org.openqa.selenium.remote.RemoteWebDriver.findElement(RemoteWebDriver.java:344)
at Major_functions.Onboard_Manager.onboard(Onboard_Manager.java:104)
at java.base/jdk.internal.reflect.DirectMethodHandleAccessor.invoke(DirectMethodHandleAccessor.java:103)
at java.base/java.lang.reflect.Method.invoke(Method.java:580)
at org.testng.internal.invokers.MethodInvocationHelper.invokeMethod(MethodInvocationHelper.java:141)
at org.testng.internal.invokers.TestInvoker.invokeMethod(TestInvoker.java:687)
at org.testng.internal.invokers.TestInvoker.invokeTestMethod(TestInvoker.java:230)
at org.testng.internal.invokers.MethodRunner.runInSequence(MethodRunner.java:63)
at org.testng.internal.invokers.TestInvoker$MethodInvocationAgent.invoke(TestInvoker.java:995)
at org.testng.internal.invokers.TestInvoker.invokeTestMethods(TestInvoker.java:203)
at org.testng.internal.invokers.TestMethodWorker.invokeTestMethods(TestMethodWorker.java:154)
at org.testng.internal.invokers.TestMethodWorker.run(TestMethodWorker.java:134)
at java.base/java.util.ArrayList.forEach(ArrayList.java:1596)
at org.testng.TestRunner.privateRun(TestRunner.java:741)
at org.testng.TestRunner.run(TestRunner.java:616)
at org.testng.SuiteRunner.runTest(SuiteRunner.java:421)
at org.testng.SuiteRunner.runSequentially(SuiteRunner.java:413)
at org.testng.SuiteRunner.privateRun(SuiteRunner.java:373)
at org.testng.SuiteRunner.run(SuiteRunner.java:312)
at org.testng.SuiteRunnerWorker.runSuite(SuiteRunnerWorker.java:52)
at org.testng.SuiteRunnerWorker.run(SuiteRunnerWorker.java:95)
at org.testng.TestNG.runSuitesSequentially(TestNG.java:1274)
at org.testng.TestNG.runSuitesLocally(TestNG.java:1208)
at org.testng.TestNG.runSuites(TestNG.java:1112)
at org.testng.TestNG.run(TestNG.java:1079)
at org.testng.remote.AbstractRemoteTestNG.run(AbstractRemoteTestNG.java:115)
at org.testng.remote.RemoteTestNG.initAndRun(RemoteTestNG.java:293)
at org.testng.remote.RemoteTestNG.main(RemoteTestNG.java:91)
]]>
            </full-stacktrace>
          </exception> <!-- org.openqa.selenium.NoSuchElementException -->
          <reporter-output>
            <line>
              <![CDATA[ChromeDriver initialized]]>
            </line>
            <line>
              <![CDATA[Navigated to Login page]]>
            </line>
            <line>
              <![CDATA[Entered Email]]>
            </line>
            <line>
              <![CDATA[Entered Password]]>
            </line>
            <line>
              <![CDATA[Clicked on Login button]]>
            </line>
            <line>
              <![CDATA[Implicit wait set for 2 seconds]]>
            </line>
            <line>
              <![CDATA[Select property to add vendor]]>
            </line>
          </reporter-output>
        </test-method> <!-- onboard -->
        <test-method is-config="true" signature="tearDown()[pri:0, instance:Major_functions.Onboard_Manager@302552ec]" started-at="2025-06-27T12:11:40 IST" name="tearDown" finished-at="2025-06-27T12:11:40 IST" duration-ms="226" status="PASS">
          <reporter-output>
          </reporter-output>
        </test-method> <!-- tearDown -->
      </class> <!-- Major_functions.Onboard_Manager -->
      <class name="Major_functions.Remove_Vendor">
        <test-method is-config="true" signature="setUp()[pri:0, instance:Major_functions.Remove_Vendor@4b2bac3f]" started-at="2025-06-27T12:07:16 IST" name="setUp" finished-at="2025-06-27T12:07:22 IST" duration-ms="6868" status="PASS">
          <reporter-output>
          </reporter-output>
        </test-method> <!-- setUp -->
        <test-method signature="remove()[pri:0, instance:Major_functions.Remove_Vendor@4b2bac3f]" started-at="2025-06-27T12:07:22 IST" name="remove" finished-at="2025-06-27T12:08:19 IST" duration-ms="56750" status="PASS">
          <reporter-output>
            <line>
              <![CDATA[Launching the application]]>
            </line>
            <line>
              <![CDATA[Navigated to Login page]]>
            </line>
            <line>
              <![CDATA[Entered Email]]>
            </line>
            <line>
              <![CDATA[Entered Password]]>
            </line>
            <line>
              <![CDATA[Clicked on Login button]]>
            </line>
            <line>
              <![CDATA[Implicit wait set for 2 seconds]]>
            </line>
            <line>
              <![CDATA[Select property to add vendor]]>
            </line>
            <line>
              <![CDATA[Vendor removal confirmed]]>
            </line>
            <line>
              <![CDATA[Closing the browser]]>
            </line>
          </reporter-output>
        </test-method> <!-- remove -->
        <test-method is-config="true" signature="tearDown()[pri:0, instance:Major_functions.Remove_Vendor@4b2bac3f]" started-at="2025-06-27T12:08:19 IST" name="tearDown" finished-at="2025-06-27T12:08:19 IST" duration-ms="54" status="PASS">
          <reporter-output>
          </reporter-output>
        </test-method> <!-- tearDown -->
      </class> <!-- Major_functions.Remove_Vendor -->
    </test> <!-- Sprint1 -->
  </suite> <!-- Suite1 -->
</testng-results>
